{"/home/matthew/go/src/github.com/hyperledger/fabric-chaincode-node/src/contract-api/smartcontract.js":{"path":"/home/matthew/go/src/github.com/hyperledger/fabric-chaincode-node/src/contract-api/smartcontract.js","statementMap":{"0":{"start":{"line":21,"column":8},"end":{"line":25,"column":9}},"1":{"start":{"line":22,"column":12},"end":{"line":22,"column":46}},"2":{"start":{"line":24,"column":12},"end":{"line":24,"column":45}},"3":{"start":{"line":27,"column":8},"end":{"line":29,"column":10}},"4":{"start":{"line":28,"column":12},"end":{"line":28,"column":86}},"5":{"start":{"line":38,"column":8},"end":{"line":38,"column":63}},"6":{"start":{"line":48,"column":8},"end":{"line":52,"column":9}},"7":{"start":{"line":49,"column":12},"end":{"line":49,"column":32}},"8":{"start":{"line":51,"column":12},"end":{"line":51,"column":58}},"9":{"start":{"line":60,"column":8},"end":{"line":60,"column":30}},"10":{"start":{"line":69,"column":8},"end":{"line":73,"column":9}},"11":{"start":{"line":70,"column":12},"end":{"line":70,"column":31}},"12":{"start":{"line":72,"column":12},"end":{"line":72,"column":58}},"13":{"start":{"line":82,"column":8},"end":{"line":82,"column":29}},"14":{"start":{"line":89,"column":8},"end":{"line":89,"column":30}},"15":{"start":{"line":94,"column":0},"end":{"line":94,"column":31}}},"fnMap":{"0":{"name":"(anonymous_0)","decl":{"start":{"line":20,"column":4},"end":{"line":20,"column":5}},"loc":{"start":{"line":20,"column":26},"end":{"line":30,"column":5}},"line":20},"1":{"name":"(anonymous_1)","decl":{"start":{"line":27,"column":25},"end":{"line":27,"column":26}},"loc":{"start":{"line":27,"column":31},"end":{"line":29,"column":9}},"line":27},"2":{"name":"(anonymous_2)","decl":{"start":{"line":37,"column":4},"end":{"line":37,"column":5}},"loc":{"start":{"line":37,"column":19},"end":{"line":39,"column":5}},"line":37},"3":{"name":"(anonymous_3)","decl":{"start":{"line":47,"column":4},"end":{"line":47,"column":5}},"loc":{"start":{"line":47,"column":21},"end":{"line":53,"column":5}},"line":47},"4":{"name":"(anonymous_4)","decl":{"start":{"line":59,"column":4},"end":{"line":59,"column":5}},"loc":{"start":{"line":59,"column":19},"end":{"line":61,"column":5}},"line":59},"5":{"name":"(anonymous_5)","decl":{"start":{"line":68,"column":4},"end":{"line":68,"column":5}},"loc":{"start":{"line":68,"column":20},"end":{"line":74,"column":5}},"line":68},"6":{"name":"(anonymous_6)","decl":{"start":{"line":81,"column":4},"end":{"line":81,"column":5}},"loc":{"start":{"line":81,"column":18},"end":{"line":83,"column":5}},"line":81},"7":{"name":"(anonymous_7)","decl":{"start":{"line":88,"column":4},"end":{"line":88,"column":5}},"loc":{"start":{"line":88,"column":19},"end":{"line":90,"column":5}},"line":88}},"branchMap":{"0":{"loc":{"start":{"line":21,"column":8},"end":{"line":25,"column":9}},"type":"if","locations":[{"start":{"line":21,"column":8},"end":{"line":25,"column":9}},{"start":{"line":21,"column":8},"end":{"line":25,"column":9}}],"line":21},"1":{"loc":{"start":{"line":21,"column":12},"end":{"line":21,"column":48}},"type":"binary-expr","locations":[{"start":{"line":21,"column":12},"end":{"line":21,"column":21}},{"start":{"line":21,"column":25},"end":{"line":21,"column":48}}],"line":21},"2":{"loc":{"start":{"line":38,"column":18},"end":{"line":38,"column":61}},"type":"binary-expr","locations":[{"start":{"line":38,"column":18},"end":{"line":38,"column":20}},{"start":{"line":38,"column":24},"end":{"line":38,"column":38}},{"start":{"line":38,"column":42},"end":{"line":38,"column":49}},{"start":{"line":38,"column":53},"end":{"line":38,"column":61}}],"line":38},"3":{"loc":{"start":{"line":48,"column":8},"end":{"line":52,"column":9}},"type":"if","locations":[{"start":{"line":48,"column":8},"end":{"line":52,"column":9}},{"start":{"line":48,"column":8},"end":{"line":52,"column":9}}],"line":48},"4":{"loc":{"start":{"line":69,"column":8},"end":{"line":73,"column":9}},"type":"if","locations":[{"start":{"line":69,"column":8},"end":{"line":73,"column":9}},{"start":{"line":69,"column":8},"end":{"line":73,"column":9}}],"line":69}},"s":{"0":26,"1":14,"2":12,"3":26,"4":1,"5":9,"6":2,"7":1,"8":1,"9":1,"10":2,"11":1,"12":1,"13":1,"14":19,"15":1},"f":{"0":26,"1":1,"2":9,"3":2,"4":1,"5":2,"6":1,"7":19},"b":{"0":[14,12],"1":[26,15],"2":[9,8,8,3],"3":[1,1],"4":[1,1]},"_coverageSchema":"d34fc3e6b8297bcde183f5492bcb8fcb36775295","hash":"2065d56bac2d7352b7c33bfe34cc32e51e6911ef","contentHash":"98a3c74e7c401293e94b9fd95e060bb1_12.0.2"},"/home/matthew/go/src/github.com/hyperledger/fabric-chaincode-node/src/contract-spi/bootstrap.js":{"path":"/home/matthew/go/src/github.com/hyperledger/fabric-chaincode-node/src/contract-spi/bootstrap.js","statementMap":{"0":{"start":{"line":8,"column":13},"end":{"line":8,"column":28}},"1":{"start":{"line":9,"column":13},"end":{"line":9,"column":41}},"2":{"start":{"line":10,"column":35},"end":{"line":10,"column":74}},"3":{"start":{"line":11,"column":15},"end":{"line":11,"column":40}},"4":{"start":{"line":13,"column":15},"end":{"line":13,"column":61}},"5":{"start":{"line":25,"column":4},"end":{"line":25,"column":58}},"6":{"start":{"line":33,"column":19},"end":{"line":33,"column":72}},"7":{"start":{"line":35,"column":15},"end":{"line":35,"column":32}},"8":{"start":{"line":36,"column":4},"end":{"line":36,"column":72}},"9":{"start":{"line":37,"column":4},"end":{"line":57,"column":5}},"10":{"start":{"line":38,"column":8},"end":{"line":38,"column":65}},"11":{"start":{"line":40,"column":8},"end":{"line":49,"column":9}},"12":{"start":{"line":41,"column":36},"end":{"line":45,"column":14}},"13":{"start":{"line":42,"column":24},"end":{"line":42,"column":63}},"14":{"start":{"line":43,"column":23},"end":{"line":43,"column":33}},"15":{"start":{"line":44,"column":16},"end":{"line":44,"column":25}},"16":{"start":{"line":46,"column":12},"end":{"line":46,"column":40}},"17":{"start":{"line":48,"column":12},"end":{"line":48,"column":108}},"18":{"start":{"line":50,"column":11},"end":{"line":57,"column":5}},"19":{"start":{"line":51,"column":8},"end":{"line":51,"column":58}},"20":{"start":{"line":52,"column":17},"end":{"line":52,"column":65}},"21":{"start":{"line":53,"column":16},"end":{"line":53,"column":26}},"22":{"start":{"line":54,"column":8},"end":{"line":54,"column":22}},"23":{"start":{"line":56,"column":8},"end":{"line":56,"column":100}},"24":{"start":{"line":61,"column":0},"end":{"line":61,"column":30}},"25":{"start":{"line":62,"column":0},"end":{"line":62,"column":35}}},"fnMap":{"0":{"name":"register","decl":{"start":{"line":24,"column":9},"end":{"line":24,"column":17}},"loc":{"start":{"line":24,"column":28},"end":{"line":26,"column":1}},"line":24},"1":{"name":"go","decl":{"start":{"line":31,"column":9},"end":{"line":31,"column":11}},"loc":{"start":{"line":31,"column":13},"end":{"line":59,"column":1}},"line":31},"2":{"name":"(anonymous_2)","decl":{"start":{"line":41,"column":63},"end":{"line":41,"column":64}},"loc":{"start":{"line":41,"column":72},"end":{"line":45,"column":13}},"line":41}},"branchMap":{"0":{"loc":{"start":{"line":37,"column":4},"end":{"line":57,"column":5}},"type":"if","locations":[{"start":{"line":37,"column":4},"end":{"line":57,"column":5}},{"start":{"line":37,"column":4},"end":{"line":57,"column":5}}],"line":37},"1":{"loc":{"start":{"line":40,"column":8},"end":{"line":49,"column":9}},"type":"if","locations":[{"start":{"line":40,"column":8},"end":{"line":49,"column":9}},{"start":{"line":40,"column":8},"end":{"line":49,"column":9}}],"line":40},"2":{"loc":{"start":{"line":50,"column":11},"end":{"line":57,"column":5}},"type":"if","locations":[{"start":{"line":50,"column":11},"end":{"line":57,"column":5}},{"start":{"line":50,"column":11},"end":{"line":57,"column":5}}],"line":50}},"s":{"0":1,"1":1,"2":1,"3":1,"4":1,"5":4,"6":5,"7":5,"8":5,"9":5,"10":3,"11":3,"12":2,"13":2,"14":2,"15":2,"16":2,"17":1,"18":2,"19":1,"20":1,"21":1,"22":1,"23":1,"24":1,"25":1},"f":{"0":4,"1":5,"2":2},"b":{"0":[3,2],"1":[2,1],"2":[1,1]},"_coverageSchema":"d34fc3e6b8297bcde183f5492bcb8fcb36775295","hash":"2401705d173a1d12bb36417f9ed0aafded6e8c9b","contentHash":"408aff23c4a939a84be61547658d1e15_12.0.2"},"/home/matthew/go/src/github.com/hyperledger/fabric-chaincode-node/src/shim/chaincode.js":{"path":"/home/matthew/go/src/github.com/hyperledger/fabric-chaincode-node/src/shim/chaincode.js","statementMap":{"0":{"start":{"line":8,"column":16},"end":{"line":8,"column":44}},"1":{"start":{"line":9,"column":13},"end":{"line":9,"column":28}},"2":{"start":{"line":10,"column":13},"end":{"line":10,"column":28}},"3":{"start":{"line":11,"column":13},"end":{"line":11,"column":28}},"4":{"start":{"line":12,"column":13},"end":{"line":12,"column":28}},"5":{"start":{"line":13,"column":18},"end":{"line":13,"column":38}},"6":{"start":{"line":14,"column":15},"end":{"line":14,"column":34}},"7":{"start":{"line":16,"column":15},"end":{"line":16,"column":51}},"8":{"start":{"line":17,"column":16},"end":{"line":17,"column":36}},"9":{"start":{"line":18,"column":13},"end":{"line":18,"column":30}},"10":{"start":{"line":19,"column":11},"end":{"line":19,"column":24}},"11":{"start":{"line":21,"column":16},"end":{"line":26,"column":1}},"12":{"start":{"line":28,"column":11},"end":{"line":28,"column":46}},"13":{"start":{"line":30,"column":24},"end":{"line":33,"column":9}},"14":{"start":{"line":35,"column":22},"end":{"line":38,"column":9}},"15":{"start":{"line":40,"column":23},"end":{"line":43,"column":9}},"16":{"start":{"line":92,"column":8},"end":{"line":93,"column":66}},"17":{"start":{"line":93,"column":9},"end":{"line":93,"column":65}},"18":{"start":{"line":95,"column":8},"end":{"line":96,"column":89}},"19":{"start":{"line":96,"column":9},"end":{"line":96,"column":88}},"20":{"start":{"line":98,"column":8},"end":{"line":99,"column":91}},"21":{"start":{"line":99,"column":9},"end":{"line":99,"column":90}},"22":{"start":{"line":101,"column":18},"end":{"line":101,"column":52}},"23":{"start":{"line":102,"column":8},"end":{"line":115,"column":9}},"24":{"start":{"line":103,"column":12},"end":{"line":103,"column":91}},"25":{"start":{"line":106,"column":26},"end":{"line":106,"column":62}},"26":{"start":{"line":107,"column":27},"end":{"line":107,"column":64}},"27":{"start":{"line":108,"column":12},"end":{"line":111,"column":13}},"28":{"start":{"line":109,"column":16},"end":{"line":110,"column":66}},"29":{"start":{"line":113,"column":12},"end":{"line":113,"column":59}},"30":{"start":{"line":114,"column":12},"end":{"line":114,"column":61}},"31":{"start":{"line":117,"column":8},"end":{"line":117,"column":27}},"32":{"start":{"line":118,"column":21},"end":{"line":118,"column":54}},"33":{"start":{"line":119,"column":28},"end":{"line":119,"column":62}},"34":{"start":{"line":120,"column":26},"end":{"line":120,"column":59}},"35":{"start":{"line":121,"column":8},"end":{"line":121,"column":43}},"36":{"start":{"line":123,"column":8},"end":{"line":123,"column":116}},"37":{"start":{"line":125,"column":8},"end":{"line":128,"column":11}},"38":{"start":{"line":132,"column":8},"end":{"line":132,"column":22}},"39":{"start":{"line":148,"column":18},"end":{"line":148,"column":47}},"40":{"start":{"line":149,"column":8},"end":{"line":149,"column":43}},"41":{"start":{"line":150,"column":8},"end":{"line":150,"column":58}},"42":{"start":{"line":152,"column":8},"end":{"line":152,"column":19}},"43":{"start":{"line":168,"column":18},"end":{"line":168,"column":47}},"44":{"start":{"line":169,"column":8},"end":{"line":169,"column":46}},"45":{"start":{"line":170,"column":8},"end":{"line":170,"column":26}},"46":{"start":{"line":172,"column":8},"end":{"line":172,"column":19}},"47":{"start":{"line":182,"column":8},"end":{"line":184,"column":9}},"48":{"start":{"line":183,"column":12},"end":{"line":183,"column":26}},"49":{"start":{"line":186,"column":8},"end":{"line":186,"column":38}},"50":{"start":{"line":191,"column":29},"end":{"line":191,"column":48}},"51":{"start":{"line":216,"column":8},"end":{"line":216,"column":25}},"52":{"start":{"line":217,"column":24},"end":{"line":217,"column":41}},"53":{"start":{"line":219,"column":8},"end":{"line":219,"column":42}},"54":{"start":{"line":221,"column":22},"end":{"line":221,"column":55}},"55":{"start":{"line":222,"column":29},"end":{"line":222,"column":62}},"56":{"start":{"line":223,"column":19},"end":{"line":223,"column":49}},"57":{"start":{"line":224,"column":8},"end":{"line":224,"column":25}},"58":{"start":{"line":226,"column":8},"end":{"line":226,"column":24}},"59":{"start":{"line":227,"column":8},"end":{"line":232,"column":9}},"60":{"start":{"line":228,"column":30},"end":{"line":228,"column":67}},"61":{"start":{"line":229,"column":30},"end":{"line":229,"column":53}},"62":{"start":{"line":230,"column":24},"end":{"line":230,"column":41}},"63":{"start":{"line":231,"column":12},"end":{"line":231,"column":31}},"64":{"start":{"line":235,"column":16},"end":{"line":235,"column":36}},"65":{"start":{"line":236,"column":8},"end":{"line":236,"column":38}},"66":{"start":{"line":237,"column":8},"end":{"line":237,"column":74}},"67":{"start":{"line":246,"column":8},"end":{"line":246,"column":23}},"68":{"start":{"line":254,"column":8},"end":{"line":254,"column":26}},"69":{"start":{"line":267,"column":19},"end":{"line":267,"column":39}},"70":{"start":{"line":268,"column":8},"end":{"line":269,"column":27}},"71":{"start":{"line":268,"column":19},"end":{"line":268,"column":31}},"72":{"start":{"line":269,"column":14},"end":{"line":269,"column":26}},"73":{"start":{"line":282,"column":19},"end":{"line":282,"column":51}},"74":{"start":{"line":283,"column":8},"end":{"line":288,"column":23}},"75":{"start":{"line":284,"column":9},"end":{"line":284,"column":22}},"76":{"start":{"line":285,"column":13},"end":{"line":288,"column":23}},"77":{"start":{"line":286,"column":9},"end":{"line":286,"column":21}},"78":{"start":{"line":288,"column":9},"end":{"line":288,"column":22}},"79":{"start":{"line":332,"column":8},"end":{"line":332,"column":25}},"80":{"start":{"line":337,"column":4},"end":{"line":352,"column":5}},"81":{"start":{"line":338,"column":8},"end":{"line":338,"column":114}},"82":{"start":{"line":340,"column":8},"end":{"line":351,"column":9}},"83":{"start":{"line":341,"column":12},"end":{"line":342,"column":40}},"84":{"start":{"line":345,"column":12},"end":{"line":350,"column":13}},"85":{"start":{"line":346,"column":16},"end":{"line":349,"column":40}},"86":{"start":{"line":347,"column":17},"end":{"line":347,"column":40}},"87":{"start":{"line":349,"column":17},"end":{"line":349,"column":39}},"88":{"start":{"line":354,"column":4},"end":{"line":354,"column":15}},"89":{"start":{"line":358,"column":14},"end":{"line":358,"column":47}},"90":{"start":{"line":359,"column":4},"end":{"line":359,"column":67}},"91":{"start":{"line":368,"column":4},"end":{"line":368,"column":52}},"92":{"start":{"line":369,"column":16},"end":{"line":369,"column":101}},"93":{"start":{"line":370,"column":18},"end":{"line":370,"column":34}},"94":{"start":{"line":371,"column":4},"end":{"line":373,"column":5}},"95":{"start":{"line":372,"column":8},"end":{"line":372,"column":85}},"96":{"start":{"line":376,"column":4},"end":{"line":376,"column":20}},"97":{"start":{"line":378,"column":4},"end":{"line":380,"column":7}},"98":{"start":{"line":379,"column":8},"end":{"line":379,"column":30}},"99":{"start":{"line":384,"column":4},"end":{"line":384,"column":37}},"100":{"start":{"line":387,"column":0},"end":{"line":387,"column":22}},"101":{"start":{"line":388,"column":0},"end":{"line":388,"column":47}},"102":{"start":{"line":391,"column":0},"end":{"line":391,"column":27}},"103":{"start":{"line":392,"column":0},"end":{"line":392,"column":50}}},"fnMap":{"0":{"name":"(anonymous_0)","decl":{"start":{"line":63,"column":4},"end":{"line":63,"column":5}},"loc":{"start":{"line":63,"column":21},"end":{"line":63,"column":23}},"line":63},"1":{"name":"(anonymous_1)","decl":{"start":{"line":73,"column":4},"end":{"line":73,"column":5}},"loc":{"start":{"line":73,"column":23},"end":{"line":73,"column":25}},"line":73},"2":{"name":"(anonymous_2)","decl":{"start":{"line":91,"column":4},"end":{"line":91,"column":5}},"loc":{"start":{"line":91,"column":28},"end":{"line":133,"column":5}},"line":91},"3":{"name":"(anonymous_3)","decl":{"start":{"line":147,"column":4},"end":{"line":147,"column":5}},"loc":{"start":{"line":147,"column":28},"end":{"line":153,"column":5}},"line":147},"4":{"name":"(anonymous_4)","decl":{"start":{"line":167,"column":4},"end":{"line":167,"column":5}},"loc":{"start":{"line":167,"column":22},"end":{"line":173,"column":5}},"line":167},"5":{"name":"(anonymous_5)","decl":{"start":{"line":181,"column":4},"end":{"line":181,"column":5}},"loc":{"start":{"line":181,"column":27},"end":{"line":187,"column":5}},"line":181},"6":{"name":"(anonymous_6)","decl":{"start":{"line":215,"column":4},"end":{"line":215,"column":5}},"loc":{"start":{"line":215,"column":22},"end":{"line":238,"column":5}},"line":215},"7":{"name":"(anonymous_7)","decl":{"start":{"line":245,"column":4},"end":{"line":245,"column":5}},"loc":{"start":{"line":245,"column":12},"end":{"line":247,"column":5}},"line":245},"8":{"name":"(anonymous_8)","decl":{"start":{"line":253,"column":4},"end":{"line":253,"column":5}},"loc":{"start":{"line":253,"column":15},"end":{"line":255,"column":5}},"line":253},"9":{"name":"(anonymous_9)","decl":{"start":{"line":266,"column":4},"end":{"line":266,"column":5}},"loc":{"start":{"line":266,"column":32},"end":{"line":270,"column":5}},"line":266},"10":{"name":"(anonymous_10)","decl":{"start":{"line":281,"column":4},"end":{"line":281,"column":5}},"loc":{"start":{"line":281,"column":46},"end":{"line":289,"column":5}},"line":281},"11":{"name":"(anonymous_11)","decl":{"start":{"line":331,"column":4},"end":{"line":331,"column":5}},"loc":{"start":{"line":331,"column":25},"end":{"line":333,"column":5}},"line":331},"12":{"name":"parsePeerUrl","decl":{"start":{"line":336,"column":9},"end":{"line":336,"column":21}},"loc":{"start":{"line":336,"column":27},"end":{"line":355,"column":1}},"line":336},"13":{"name":"isTLS","decl":{"start":{"line":357,"column":9},"end":{"line":357,"column":14}},"loc":{"start":{"line":357,"column":16},"end":{"line":360,"column":1}},"line":357},"14":{"name":"normalizeX509","decl":{"start":{"line":367,"column":9},"end":{"line":367,"column":22}},"loc":{"start":{"line":367,"column":28},"end":{"line":385,"column":1}},"line":367},"15":{"name":"(anonymous_15)","decl":{"start":{"line":378,"column":26},"end":{"line":378,"column":27}},"loc":{"start":{"line":378,"column":39},"end":{"line":380,"column":5}},"line":378}},"branchMap":{"0":{"loc":{"start":{"line":92,"column":8},"end":{"line":93,"column":66}},"type":"if","locations":[{"start":{"line":92,"column":8},"end":{"line":93,"column":66}},{"start":{"line":92,"column":8},"end":{"line":93,"column":66}}],"line":92},"1":{"loc":{"start":{"line":92,"column":12},"end":{"line":92,"column":63}},"type":"binary-expr","locations":[{"start":{"line":92,"column":12},"end":{"line":92,"column":41}},{"start":{"line":92,"column":45},"end":{"line":92,"column":63}}],"line":92},"2":{"loc":{"start":{"line":95,"column":8},"end":{"line":96,"column":89}},"type":"if","locations":[{"start":{"line":95,"column":8},"end":{"line":96,"column":89}},{"start":{"line":95,"column":8},"end":{"line":96,"column":89}}],"line":95},"3":{"loc":{"start":{"line":98,"column":8},"end":{"line":99,"column":91}},"type":"if","locations":[{"start":{"line":98,"column":8},"end":{"line":99,"column":91}},{"start":{"line":98,"column":8},"end":{"line":99,"column":91}}],"line":98},"4":{"loc":{"start":{"line":102,"column":8},"end":{"line":115,"column":9}},"type":"if","locations":[{"start":{"line":102,"column":8},"end":{"line":115,"column":9}},{"start":{"line":102,"column":8},"end":{"line":115,"column":9}}],"line":102},"5":{"loc":{"start":{"line":108,"column":12},"end":{"line":111,"column":13}},"type":"if","locations":[{"start":{"line":108,"column":12},"end":{"line":111,"column":13}},{"start":{"line":108,"column":12},"end":{"line":111,"column":13}}],"line":108},"6":{"loc":{"start":{"line":108,"column":16},"end":{"line":108,"column":75}},"type":"binary-expr","locations":[{"start":{"line":108,"column":16},"end":{"line":108,"column":43}},{"start":{"line":108,"column":47},"end":{"line":108,"column":75}}],"line":108},"7":{"loc":{"start":{"line":150,"column":22},"end":{"line":150,"column":57}},"type":"cond-expr","locations":[{"start":{"line":150,"column":32},"end":{"line":150,"column":39}},{"start":{"line":150,"column":42},"end":{"line":150,"column":57}}],"line":150},"8":{"loc":{"start":{"line":182,"column":8},"end":{"line":184,"column":9}},"type":"if","locations":[{"start":{"line":182,"column":8},"end":{"line":184,"column":9}},{"start":{"line":182,"column":8},"end":{"line":184,"column":9}}],"line":182},"9":{"loc":{"start":{"line":227,"column":8},"end":{"line":232,"column":9}},"type":"if","locations":[{"start":{"line":227,"column":8},"end":{"line":232,"column":9}},{"start":{"line":227,"column":8},"end":{"line":232,"column":9}}],"line":227},"10":{"loc":{"start":{"line":227,"column":11},"end":{"line":227,"column":75}},"type":"binary-expr","locations":[{"start":{"line":227,"column":11},"end":{"line":227,"column":15}},{"start":{"line":227,"column":19},"end":{"line":227,"column":34}},{"start":{"line":227,"column":38},"end":{"line":227,"column":75}}],"line":227},"11":{"loc":{"start":{"line":268,"column":8},"end":{"line":269,"column":27}},"type":"if","locations":[{"start":{"line":268,"column":8},"end":{"line":269,"column":27}},{"start":{"line":268,"column":8},"end":{"line":269,"column":27}}],"line":268},"12":{"loc":{"start":{"line":283,"column":8},"end":{"line":288,"column":23}},"type":"if","locations":[{"start":{"line":283,"column":8},"end":{"line":288,"column":23}},{"start":{"line":283,"column":8},"end":{"line":288,"column":23}}],"line":283},"13":{"loc":{"start":{"line":285,"column":13},"end":{"line":288,"column":23}},"type":"if","locations":[{"start":{"line":285,"column":13},"end":{"line":288,"column":23}},{"start":{"line":285,"column":13},"end":{"line":288,"column":23}}],"line":285},"14":{"loc":{"start":{"line":337,"column":4},"end":{"line":352,"column":5}},"type":"if","locations":[{"start":{"line":337,"column":4},"end":{"line":352,"column":5}},{"start":{"line":337,"column":4},"end":{"line":352,"column":5}}],"line":337},"15":{"loc":{"start":{"line":337,"column":8},"end":{"line":337,"column":48}},"type":"binary-expr","locations":[{"start":{"line":337,"column":8},"end":{"line":337,"column":34}},{"start":{"line":337,"column":38},"end":{"line":337,"column":48}}],"line":337},"16":{"loc":{"start":{"line":340,"column":8},"end":{"line":351,"column":9}},"type":"if","locations":[{"start":{"line":340,"column":8},"end":{"line":351,"column":9}},{"start":{"line":340,"column":8},"end":{"line":351,"column":9}}],"line":340},"17":{"loc":{"start":{"line":340,"column":12},"end":{"line":340,"column":73}},"type":"binary-expr","locations":[{"start":{"line":340,"column":12},"end":{"line":340,"column":40}},{"start":{"line":340,"column":44},"end":{"line":340,"column":73}}],"line":340},"18":{"loc":{"start":{"line":345,"column":12},"end":{"line":350,"column":13}},"type":"if","locations":[{"start":{"line":345,"column":12},"end":{"line":350,"column":13}},{"start":{"line":345,"column":12},"end":{"line":350,"column":13}}],"line":345},"19":{"loc":{"start":{"line":345,"column":16},"end":{"line":345,"column":77}},"type":"binary-expr","locations":[{"start":{"line":345,"column":16},"end":{"line":345,"column":44}},{"start":{"line":345,"column":48},"end":{"line":345,"column":77}}],"line":345},"20":{"loc":{"start":{"line":346,"column":16},"end":{"line":349,"column":40}},"type":"if","locations":[{"start":{"line":346,"column":16},"end":{"line":349,"column":40}},{"start":{"line":346,"column":16},"end":{"line":349,"column":40}}],"line":346},"21":{"loc":{"start":{"line":359,"column":11},"end":{"line":359,"column":66}},"type":"binary-expr","locations":[{"start":{"line":359,"column":11},"end":{"line":359,"column":34}},{"start":{"line":359,"column":38},"end":{"line":359,"column":66}}],"line":359},"22":{"loc":{"start":{"line":371,"column":4},"end":{"line":373,"column":5}},"type":"if","locations":[{"start":{"line":371,"column":4},"end":{"line":373,"column":5}},{"start":{"line":371,"column":4},"end":{"line":373,"column":5}}],"line":371},"23":{"loc":{"start":{"line":371,"column":8},"end":{"line":371,"column":40}},"type":"binary-expr","locations":[{"start":{"line":371,"column":8},"end":{"line":371,"column":16}},{"start":{"line":371,"column":20},"end":{"line":371,"column":40}}],"line":371}},"s":{"0":1,"1":1,"2":1,"3":1,"4":1,"5":1,"6":1,"7":1,"8":1,"9":1,"10":1,"11":1,"12":1,"13":1,"14":1,"15":1,"16":0,"17":0,"18":0,"19":0,"20":0,"21":0,"22":0,"23":0,"24":0,"25":0,"26":0,"27":0,"28":0,"29":0,"30":0,"31":0,"32":0,"33":0,"34":0,"35":0,"36":0,"37":0,"38":0,"39":1,"40":1,"41":1,"42":1,"43":0,"44":0,"45":0,"46":0,"47":0,"48":0,"49":0,"50":1,"51":0,"52":0,"53":0,"54":0,"55":0,"56":0,"57":0,"58":0,"59":0,"60":0,"61":0,"62":0,"63":0,"64":0,"65":0,"66":0,"67":0,"68":0,"69":0,"70":0,"71":0,"72":0,"73":0,"74":0,"75":0,"76":0,"77":0,"78":0,"79":0,"80":0,"81":0,"82":0,"83":0,"84":0,"85":0,"86":0,"87":0,"88":0,"89":0,"90":0,"91":0,"92":0,"93":0,"94":0,"95":0,"96":0,"97":0,"98":0,"99":0,"100":1,"101":1,"102":1,"103":1},"f":{"0":0,"1":0,"2":0,"3":1,"4":0,"5":0,"6":0,"7":0,"8":0,"9":0,"10":0,"11":0,"12":0,"13":0,"14":0,"15":0},"b":{"0":[0,0],"1":[0,0],"2":[0,0],"3":[0,0],"4":[0,0],"5":[0,0],"6":[0,0],"7":[1,0],"8":[0,0],"9":[0,0],"10":[0,0,0],"11":[0,0],"12":[0,0],"13":[0,0],"14":[0,0],"15":[0,0],"16":[0,0],"17":[0,0],"18":[0,0],"19":[0,0],"20":[0,0],"21":[0,0],"22":[0,0],"23":[0,0]},"_coverageSchema":"d34fc3e6b8297bcde183f5492bcb8fcb36775295","hash":"263b1b6d4f3e91d44f5ea8eb6b5474a0c4240223","contentHash":"ec86a94baf3a85b561cc9b1152712af0_12.0.2"},"/home/matthew/go/src/github.com/hyperledger/fabric-chaincode-node/src/shim/logger.js":{"path":"/home/matthew/go/src/github.com/hyperledger/fabric-chaincode-node/src/shim/logger.js","statementMap":{"0":{"start":{"line":8,"column":16},"end":{"line":8,"column":34}},"1":{"start":{"line":9,"column":16},"end":{"line":9,"column":18}},"2":{"start":{"line":15,"column":8},"end":{"line":15,"column":15}},"3":{"start":{"line":16,"column":19},"end":{"line":32,"column":6}},"4":{"start":{"line":20,"column":33},"end":{"line":20,"column":57}},"5":{"start":{"line":23,"column":20},"end":{"line":27,"column":112}},"6":{"start":{"line":33,"column":4},"end":{"line":33,"column":18}},"7":{"start":{"line":36,"column":0},"end":{"line":67,"column":2}},"8":{"start":{"line":39,"column":16},"end":{"line":39,"column":55}},"9":{"start":{"line":40,"column":19},"end":{"line":40,"column":25}},"10":{"start":{"line":41,"column":4},"end":{"line":55,"column":5}},"11":{"start":{"line":42,"column":8},"end":{"line":54,"column":9}},"12":{"start":{"line":44,"column":12},"end":{"line":44,"column":31}},"13":{"start":{"line":45,"column":12},"end":{"line":45,"column":18}},"14":{"start":{"line":47,"column":12},"end":{"line":47,"column":31}},"15":{"start":{"line":48,"column":12},"end":{"line":48,"column":18}},"16":{"start":{"line":50,"column":12},"end":{"line":50,"column":30}},"17":{"start":{"line":51,"column":12},"end":{"line":51,"column":18}},"18":{"start":{"line":53,"column":12},"end":{"line":53,"column":31}},"19":{"start":{"line":58,"column":4},"end":{"line":64,"column":5}},"20":{"start":{"line":59,"column":8},"end":{"line":59,"column":31}},"21":{"start":{"line":60,"column":8},"end":{"line":60,"column":32}},"22":{"start":{"line":62,"column":8},"end":{"line":62,"column":46}},"23":{"start":{"line":63,"column":8},"end":{"line":63,"column":31}},"24":{"start":{"line":66,"column":4},"end":{"line":66,"column":18}}},"fnMap":{"0":{"name":"createLogger","decl":{"start":{"line":11,"column":9},"end":{"line":11,"column":21}},"loc":{"start":{"line":11,"column":35},"end":{"line":34,"column":1}},"line":11},"1":{"name":"(anonymous_1)","decl":{"start":{"line":20,"column":27},"end":{"line":20,"column":28}},"loc":{"start":{"line":20,"column":33},"end":{"line":20,"column":57}},"line":20},"2":{"name":"(anonymous_2)","decl":{"start":{"line":22,"column":27},"end":{"line":22,"column":28}},"loc":{"start":{"line":22,"column":40},"end":{"line":28,"column":17}},"line":22},"3":{"name":"(anonymous_3)","decl":{"start":{"line":36,"column":27},"end":{"line":36,"column":28}},"loc":{"start":{"line":36,"column":48},"end":{"line":67,"column":1}},"line":36}},"branchMap":{"0":{"loc":{"start":{"line":25,"column":16},"end":{"line":25,"column":71}},"type":"cond-expr","locations":[{"start":{"line":25,"column":23},"end":{"line":25,"column":66}},{"start":{"line":25,"column":69},"end":{"line":25,"column":71}}],"line":25},"1":{"loc":{"start":{"line":26,"column":19},"end":{"line":26,"column":57}},"type":"cond-expr","locations":[{"start":{"line":26,"column":37},"end":{"line":26,"column":52}},{"start":{"line":26,"column":55},"end":{"line":26,"column":57}}],"line":26},"2":{"loc":{"start":{"line":27,"column":16},"end":{"line":27,"column":109}},"type":"cond-expr","locations":[{"start":{"line":27,"column":67},"end":{"line":27,"column":104}},{"start":{"line":27,"column":107},"end":{"line":27,"column":109}}],"line":27},"3":{"loc":{"start":{"line":27,"column":16},"end":{"line":27,"column":64}},"type":"binary-expr","locations":[{"start":{"line":27,"column":16},"end":{"line":27,"column":28}},{"start":{"line":27,"column":32},"end":{"line":27,"column":64}}],"line":27},"4":{"loc":{"start":{"line":36,"column":37},"end":{"line":36,"column":46}},"type":"default-arg","locations":[{"start":{"line":36,"column":44},"end":{"line":36,"column":46}}],"line":36},"5":{"loc":{"start":{"line":41,"column":4},"end":{"line":55,"column":5}},"type":"if","locations":[{"start":{"line":41,"column":4},"end":{"line":55,"column":5}},{"start":{"line":41,"column":4},"end":{"line":55,"column":5}}],"line":41},"6":{"loc":{"start":{"line":42,"column":8},"end":{"line":54,"column":9}},"type":"switch","locations":[{"start":{"line":43,"column":8},"end":{"line":45,"column":18}},{"start":{"line":46,"column":8},"end":{"line":48,"column":18}},{"start":{"line":49,"column":8},"end":{"line":51,"column":18}},{"start":{"line":52,"column":8},"end":{"line":53,"column":31}}],"line":42},"7":{"loc":{"start":{"line":58,"column":4},"end":{"line":64,"column":5}},"type":"if","locations":[{"start":{"line":58,"column":4},"end":{"line":64,"column":5}},{"start":{"line":58,"column":4},"end":{"line":64,"column":5}}],"line":58}},"s":{"0":1,"1":1,"2":4,"3":4,"4":0,"5":0,"6":4,"7":1,"8":5,"9":5,"10":5,"11":0,"12":0,"13":0,"14":0,"15":0,"16":0,"17":0,"18":0,"19":5,"20":1,"21":1,"22":4,"23":4,"24":5},"f":{"0":4,"1":0,"2":0,"3":5},"b":{"0":[0,0],"1":[0,0],"2":[0,0],"3":[0,0],"4":[0],"5":[0,5],"6":[0,0,0,0],"7":[1,4]},"_coverageSchema":"d34fc3e6b8297bcde183f5492bcb8fcb36775295","hash":"7d04a6b8a197f2a88d511c2872417bd4ba072742","contentHash":"46983329a3e67c3157e3730dda5520cf_12.0.2"},"/home/matthew/go/src/github.com/hyperledger/fabric-chaincode-node/src/shim/handler.js":{"path":"/home/matthew/go/src/github.com/hyperledger/fabric-chaincode-node/src/shim/handler.js","statementMap":{"0":{"start":{"line":9,"column":0},"end":{"line":9,"column":255}},"1":{"start":{"line":11,"column":13},"end":{"line":11,"column":28}},"2":{"start":{"line":12,"column":16},"end":{"line":12,"column":30}},"3":{"start":{"line":13,"column":13},"end":{"line":13,"column":28}},"4":{"start":{"line":14,"column":13},"end":{"line":14,"column":28}},"5":{"start":{"line":15,"column":27},"end":{"line":15,"column":68}},"6":{"start":{"line":16,"column":29},"end":{"line":16,"column":72}},"7":{"start":{"line":18,"column":15},"end":{"line":18,"column":63}},"8":{"start":{"line":19,"column":13},"end":{"line":19,"column":33}},"9":{"start":{"line":20,"column":13},"end":{"line":20,"column":38}},"10":{"start":{"line":22,"column":22},"end":{"line":25,"column":9}},"11":{"start":{"line":27,"column":24},"end":{"line":30,"column":9}},"12":{"start":{"line":32,"column":23},"end":{"line":35,"column":9}},"13":{"start":{"line":37,"column":15},"end":{"line":41,"column":1}},"14":{"start":{"line":44,"column":17},"end":{"line":52,"column":1}},"15":{"start":{"line":60,"column":8},"end":{"line":60,"column":23}},"16":{"start":{"line":61,"column":8},"end":{"line":61,"column":29}},"17":{"start":{"line":62,"column":8},"end":{"line":62,"column":31}},"18":{"start":{"line":63,"column":8},"end":{"line":63,"column":29}},"19":{"start":{"line":67,"column":8},"end":{"line":67,"column":24}},"20":{"start":{"line":71,"column":8},"end":{"line":71,"column":51}},"21":{"start":{"line":75,"column":8},"end":{"line":75,"column":27}},"22":{"start":{"line":79,"column":8},"end":{"line":79,"column":31}},"23":{"start":{"line":83,"column":8},"end":{"line":83,"column":25}},"24":{"start":{"line":97,"column":8},"end":{"line":97,"column":31}},"25":{"start":{"line":98,"column":8},"end":{"line":98,"column":38}},"26":{"start":{"line":99,"column":8},"end":{"line":99,"column":27}},"27":{"start":{"line":109,"column":26},"end":{"line":109,"column":50}},"28":{"start":{"line":110,"column":23},"end":{"line":110,"column":49}},"29":{"start":{"line":111,"column":8},"end":{"line":113,"column":9}},"30":{"start":{"line":112,"column":12},"end":{"line":112,"column":55}},"31":{"start":{"line":115,"column":8},"end":{"line":115,"column":28}},"32":{"start":{"line":116,"column":8},"end":{"line":118,"column":9}},"33":{"start":{"line":117,"column":12},"end":{"line":117,"column":39}},"34":{"start":{"line":131,"column":19},"end":{"line":131,"column":32}},"35":{"start":{"line":132,"column":25},"end":{"line":132,"column":44}},"36":{"start":{"line":133,"column":26},"end":{"line":133,"column":43}},"37":{"start":{"line":134,"column":19},"end":{"line":134,"column":51}},"38":{"start":{"line":135,"column":8},"end":{"line":144,"column":9}},"39":{"start":{"line":136,"column":12},"end":{"line":142,"column":13}},"40":{"start":{"line":137,"column":37},"end":{"line":137,"column":92}},"41":{"start":{"line":138,"column":16},"end":{"line":138,"column":45}},"42":{"start":{"line":141,"column":16},"end":{"line":141,"column":31}},"43":{"start":{"line":143,"column":12},"end":{"line":143,"column":59}},"44":{"start":{"line":155,"column":23},"end":{"line":155,"column":49}},"45":{"start":{"line":156,"column":8},"end":{"line":158,"column":9}},"46":{"start":{"line":157,"column":12},"end":{"line":157,"column":31}},"47":{"start":{"line":159,"column":21},"end":{"line":159,"column":103}},"48":{"start":{"line":160,"column":8},"end":{"line":160,"column":29}},"49":{"start":{"line":174,"column":23},"end":{"line":174,"column":49}},"50":{"start":{"line":175,"column":8},"end":{"line":182,"column":9}},"51":{"start":{"line":176,"column":12},"end":{"line":176,"column":29}},"52":{"start":{"line":177,"column":12},"end":{"line":181,"column":13}},"53":{"start":{"line":178,"column":16},"end":{"line":178,"column":50}},"54":{"start":{"line":180,"column":16},"end":{"line":180,"column":43}},"55":{"start":{"line":191,"column":19},"end":{"line":191,"column":51}},"56":{"start":{"line":192,"column":8},"end":{"line":199,"column":9}},"57":{"start":{"line":193,"column":12},"end":{"line":198,"column":13}},"58":{"start":{"line":194,"column":16},"end":{"line":194,"column":49}},"59":{"start":{"line":197,"column":16},"end":{"line":197,"column":31}},"60":{"start":{"line":225,"column":8},"end":{"line":227,"column":9}},"61":{"start":{"line":226,"column":12},"end":{"line":226,"column":68}},"62":{"start":{"line":229,"column":8},"end":{"line":231,"column":9}},"63":{"start":{"line":230,"column":12},"end":{"line":230,"column":99}},"64":{"start":{"line":233,"column":8},"end":{"line":235,"column":9}},"65":{"start":{"line":234,"column":12},"end":{"line":234,"column":101}},"66":{"start":{"line":237,"column":8},"end":{"line":237,"column":35}},"67":{"start":{"line":240,"column":8},"end":{"line":240,"column":27}},"68":{"start":{"line":241,"column":8},"end":{"line":244,"column":9}},"69":{"start":{"line":242,"column":12},"end":{"line":242,"column":94}},"70":{"start":{"line":243,"column":12},"end":{"line":243,"column":87}},"71":{"start":{"line":246,"column":8},"end":{"line":250,"column":9}},"72":{"start":{"line":247,"column":12},"end":{"line":249,"column":13}},"73":{"start":{"line":248,"column":16},"end":{"line":248,"column":47}},"74":{"start":{"line":253,"column":8},"end":{"line":253,"column":24}},"75":{"start":{"line":254,"column":8},"end":{"line":254,"column":49}},"76":{"start":{"line":257,"column":8},"end":{"line":257,"column":38}},"77":{"start":{"line":258,"column":8},"end":{"line":260,"column":9}},"78":{"start":{"line":259,"column":12},"end":{"line":259,"column":60}},"79":{"start":{"line":261,"column":8},"end":{"line":261,"column":116}},"80":{"start":{"line":265,"column":8},"end":{"line":265,"column":27}},"81":{"start":{"line":272,"column":8},"end":{"line":272,"column":47}},"82":{"start":{"line":273,"column":8},"end":{"line":273,"column":57}},"83":{"start":{"line":275,"column":21},"end":{"line":275,"column":33}},"84":{"start":{"line":276,"column":19},"end":{"line":276,"column":23}},"85":{"start":{"line":280,"column":20},"end":{"line":280,"column":29}},"86":{"start":{"line":282,"column":8},"end":{"line":337,"column":11}},"87":{"start":{"line":283,"column":12},"end":{"line":283,"column":87}},"88":{"start":{"line":285,"column":12},"end":{"line":306,"column":13}},"89":{"start":{"line":286,"column":27},"end":{"line":286,"column":35}},"90":{"start":{"line":288,"column":16},"end":{"line":305,"column":17}},"91":{"start":{"line":291,"column":20},"end":{"line":304,"column":21}},"92":{"start":{"line":292,"column":24},"end":{"line":292,"column":140}},"93":{"start":{"line":293,"column":24},"end":{"line":293,"column":68}},"94":{"start":{"line":294,"column":27},"end":{"line":304,"column":21}},"95":{"start":{"line":295,"column":24},"end":{"line":295,"column":130}},"96":{"start":{"line":296,"column":24},"end":{"line":296,"column":45}},"97":{"start":{"line":297,"column":27},"end":{"line":304,"column":21}},"98":{"start":{"line":298,"column":24},"end":{"line":298,"column":158}},"99":{"start":{"line":299,"column":24},"end":{"line":299,"column":52}},"100":{"start":{"line":301,"column":24},"end":{"line":301,"column":89}},"101":{"start":{"line":303,"column":24},"end":{"line":303,"column":40}},"102":{"start":{"line":308,"column":12},"end":{"line":321,"column":13}},"103":{"start":{"line":309,"column":16},"end":{"line":320,"column":17}},"104":{"start":{"line":310,"column":20},"end":{"line":310,"column":119}},"105":{"start":{"line":311,"column":20},"end":{"line":311,"column":41}},"106":{"start":{"line":316,"column":20},"end":{"line":317,"column":78}},"107":{"start":{"line":318,"column":33},"end":{"line":318,"column":56}},"108":{"start":{"line":319,"column":20},"end":{"line":319,"column":41}},"109":{"start":{"line":323,"column":12},"end":{"line":336,"column":13}},"110":{"start":{"line":324,"column":16},"end":{"line":335,"column":17}},"111":{"start":{"line":325,"column":20},"end":{"line":325,"column":110}},"112":{"start":{"line":326,"column":20},"end":{"line":326,"column":47}},"113":{"start":{"line":331,"column":20},"end":{"line":332,"column":77}},"114":{"start":{"line":333,"column":33},"end":{"line":333,"column":56}},"115":{"start":{"line":334,"column":20},"end":{"line":334,"column":41}},"116":{"start":{"line":339,"column":8},"end":{"line":342,"column":11}},"117":{"start":{"line":340,"column":12},"end":{"line":340,"column":47}},"118":{"start":{"line":341,"column":12},"end":{"line":341,"column":28}},"119":{"start":{"line":344,"column":8},"end":{"line":347,"column":11}},"120":{"start":{"line":345,"column":12},"end":{"line":345,"column":94}},"121":{"start":{"line":346,"column":12},"end":{"line":346,"column":25}},"122":{"start":{"line":350,"column":8},"end":{"line":350,"column":65}},"123":{"start":{"line":351,"column":8},"end":{"line":351,"column":37}},"124":{"start":{"line":355,"column":8},"end":{"line":355,"column":41}},"125":{"start":{"line":359,"column":8},"end":{"line":359,"column":43}},"126":{"start":{"line":363,"column":22},"end":{"line":363,"column":50}},"127":{"start":{"line":364,"column":8},"end":{"line":364,"column":28}},"128":{"start":{"line":365,"column":8},"end":{"line":365,"column":42}},"129":{"start":{"line":367,"column":18},"end":{"line":372,"column":9}},"130":{"start":{"line":373,"column":8},"end":{"line":373,"column":55}},"131":{"start":{"line":374,"column":8},"end":{"line":374,"column":61}},"132":{"start":{"line":378,"column":22},"end":{"line":378,"column":50}},"133":{"start":{"line":379,"column":8},"end":{"line":379,"column":28}},"134":{"start":{"line":380,"column":8},"end":{"line":380,"column":32}},"135":{"start":{"line":381,"column":8},"end":{"line":381,"column":42}},"136":{"start":{"line":383,"column":18},"end":{"line":388,"column":9}},"137":{"start":{"line":390,"column":8},"end":{"line":390,"column":61}},"138":{"start":{"line":394,"column":22},"end":{"line":394,"column":50}},"139":{"start":{"line":395,"column":8},"end":{"line":395,"column":28}},"140":{"start":{"line":396,"column":8},"end":{"line":396,"column":42}},"141":{"start":{"line":398,"column":18},"end":{"line":403,"column":9}},"142":{"start":{"line":405,"column":8},"end":{"line":405,"column":64}},"143":{"start":{"line":409,"column":22},"end":{"line":409,"column":57}},"144":{"start":{"line":410,"column":8},"end":{"line":410,"column":38}},"145":{"start":{"line":411,"column":8},"end":{"line":411,"column":34}},"146":{"start":{"line":412,"column":8},"end":{"line":412,"column":42}},"147":{"start":{"line":414,"column":18},"end":{"line":419,"column":9}},"148":{"start":{"line":421,"column":8},"end":{"line":421,"column":68}},"149":{"start":{"line":425,"column":22},"end":{"line":425,"column":56}},"150":{"start":{"line":426,"column":8},"end":{"line":426,"column":26}},"151":{"start":{"line":428,"column":18},"end":{"line":433,"column":9}},"152":{"start":{"line":434,"column":8},"end":{"line":434,"column":67}},"153":{"start":{"line":438,"column":22},"end":{"line":438,"column":57}},"154":{"start":{"line":439,"column":8},"end":{"line":439,"column":26}},"155":{"start":{"line":441,"column":18},"end":{"line":446,"column":9}},"156":{"start":{"line":447,"column":8},"end":{"line":447,"column":68}},"157":{"start":{"line":451,"column":22},"end":{"line":451,"column":56}},"158":{"start":{"line":452,"column":8},"end":{"line":452,"column":32}},"159":{"start":{"line":453,"column":8},"end":{"line":453,"column":42}},"160":{"start":{"line":455,"column":18},"end":{"line":460,"column":9}},"161":{"start":{"line":461,"column":8},"end":{"line":461,"column":67}},"162":{"start":{"line":465,"column":22},"end":{"line":465,"column":58}},"163":{"start":{"line":466,"column":8},"end":{"line":466,"column":28}},"164":{"start":{"line":468,"column":18},"end":{"line":473,"column":9}},"165":{"start":{"line":474,"column":8},"end":{"line":474,"column":69}},"166":{"start":{"line":478,"column":22},"end":{"line":478,"column":57}},"167":{"start":{"line":479,"column":26},"end":{"line":479,"column":59}},"168":{"start":{"line":480,"column":29},"end":{"line":480,"column":65}},"169":{"start":{"line":481,"column":8},"end":{"line":481,"column":43}},"170":{"start":{"line":482,"column":24},"end":{"line":482,"column":26}},"171":{"start":{"line":483,"column":8},"end":{"line":485,"column":11}},"172":{"start":{"line":484,"column":12},"end":{"line":484,"column":53}},"173":{"start":{"line":486,"column":8},"end":{"line":486,"column":42}},"174":{"start":{"line":487,"column":8},"end":{"line":487,"column":44}},"175":{"start":{"line":488,"column":8},"end":{"line":488,"column":41}},"176":{"start":{"line":490,"column":18},"end":{"line":495,"column":9}},"177":{"start":{"line":497,"column":22},"end":{"line":497,"column":74}},"178":{"start":{"line":500,"column":8},"end":{"line":502,"column":9}},"179":{"start":{"line":501,"column":12},"end":{"line":501,"column":67}},"180":{"start":{"line":505,"column":8},"end":{"line":508,"column":9}},"181":{"start":{"line":506,"column":30},"end":{"line":506,"column":62}},"182":{"start":{"line":507,"column":12},"end":{"line":507,"column":39}},"183":{"start":{"line":521,"column":8},"end":{"line":524,"column":11}},"184":{"start":{"line":522,"column":23},"end":{"line":522,"column":61}},"185":{"start":{"line":523,"column":12},"end":{"line":523,"column":48}},"186":{"start":{"line":532,"column":8},"end":{"line":534,"column":6}},"187":{"start":{"line":540,"column":4},"end":{"line":550,"column":5}},"188":{"start":{"line":541,"column":8},"end":{"line":541,"column":67}},"189":{"start":{"line":543,"column":8},"end":{"line":543,"column":129}},"190":{"start":{"line":544,"column":8},"end":{"line":549,"column":10}},"191":{"start":{"line":552,"column":4},"end":{"line":619,"column":5}},"192":{"start":{"line":554,"column":8},"end":{"line":566,"column":9}},"193":{"start":{"line":555,"column":12},"end":{"line":555,"column":85}},"194":{"start":{"line":557,"column":12},"end":{"line":557,"column":118}},"195":{"start":{"line":558,"column":12},"end":{"line":563,"column":14}},"196":{"start":{"line":565,"column":12},"end":{"line":565,"column":47}},"197":{"start":{"line":568,"column":8},"end":{"line":616,"column":9}},"198":{"start":{"line":570,"column":12},"end":{"line":576,"column":13}},"199":{"start":{"line":571,"column":16},"end":{"line":571,"column":57}},"200":{"start":{"line":572,"column":16},"end":{"line":572,"column":32}},"201":{"start":{"line":574,"column":16},"end":{"line":574,"column":59}},"202":{"start":{"line":575,"column":16},"end":{"line":575,"column":34}},"203":{"start":{"line":578,"column":12},"end":{"line":583,"column":13}},"204":{"start":{"line":579,"column":29},"end":{"line":580,"column":64}},"205":{"start":{"line":581,"column":16},"end":{"line":581,"column":37}},"206":{"start":{"line":582,"column":16},"end":{"line":582,"column":42}},"207":{"start":{"line":585,"column":12},"end":{"line":589,"column":30}},"208":{"start":{"line":591,"column":12},"end":{"line":613,"column":13}},"209":{"start":{"line":592,"column":29},"end":{"line":593,"column":78}},"210":{"start":{"line":594,"column":16},"end":{"line":594,"column":37}},"211":{"start":{"line":596,"column":16},"end":{"line":601,"column":18}},"212":{"start":{"line":603,"column":16},"end":{"line":604,"column":66}},"213":{"start":{"line":606,"column":16},"end":{"line":612,"column":18}},"214":{"start":{"line":615,"column":12},"end":{"line":615,"column":47}},"215":{"start":{"line":618,"column":8},"end":{"line":618,"column":43}},"216":{"start":{"line":633,"column":4},"end":{"line":633,"column":63}},"217":{"start":{"line":637,"column":17},"end":{"line":638,"column":70}},"218":{"start":{"line":640,"column":4},"end":{"line":645,"column":6}},"219":{"start":{"line":649,"column":4},"end":{"line":651,"column":5}},"220":{"start":{"line":650,"column":8},"end":{"line":650,"column":20}},"221":{"start":{"line":653,"column":4},"end":{"line":653,"column":32}},"222":{"start":{"line":657,"column":4},"end":{"line":685,"column":5}},"223":{"start":{"line":658,"column":8},"end":{"line":658,"column":123}},"224":{"start":{"line":662,"column":8},"end":{"line":673,"column":9}},"225":{"start":{"line":665,"column":12},"end":{"line":665,"column":126}},"226":{"start":{"line":667,"column":12},"end":{"line":667,"column":128}},"227":{"start":{"line":670,"column":12},"end":{"line":670,"column":67}},"228":{"start":{"line":672,"column":12},"end":{"line":672,"column":70}},"229":{"start":{"line":675,"column":8},"end":{"line":675,"column":27}},"230":{"start":{"line":676,"column":11},"end":{"line":685,"column":5}},"231":{"start":{"line":677,"column":8},"end":{"line":677,"column":118}},"232":{"start":{"line":678,"column":8},"end":{"line":678,"column":48}},"233":{"start":{"line":680,"column":21},"end":{"line":682,"column":66}},"234":{"start":{"line":683,"column":8},"end":{"line":683,"column":29}},"235":{"start":{"line":684,"column":8},"end":{"line":684,"column":32}},"236":{"start":{"line":688,"column":0},"end":{"line":688,"column":40}},"237":{"start":{"line":695,"column":19},"end":{"line":695,"column":31}},"238":{"start":{"line":697,"column":8},"end":{"line":699,"column":9}},"239":{"start":{"line":698,"column":12},"end":{"line":698,"column":64}},"240":{"start":{"line":700,"column":8},"end":{"line":720,"column":9}},"241":{"start":{"line":701,"column":12},"end":{"line":701,"column":34}},"242":{"start":{"line":702,"column":12},"end":{"line":702,"column":59}},"243":{"start":{"line":703,"column":15},"end":{"line":720,"column":9}},"244":{"start":{"line":704,"column":12},"end":{"line":706,"column":13}},"245":{"start":{"line":705,"column":16},"end":{"line":705,"column":72}},"246":{"start":{"line":707,"column":12},"end":{"line":709,"column":13}},"247":{"start":{"line":708,"column":16},"end":{"line":708,"column":68}},"248":{"start":{"line":710,"column":12},"end":{"line":712,"column":13}},"249":{"start":{"line":711,"column":16},"end":{"line":711,"column":75}},"250":{"start":{"line":713,"column":12},"end":{"line":713,"column":34}},"251":{"start":{"line":714,"column":12},"end":{"line":714,"column":140}},"252":{"start":{"line":716,"column":24},"end":{"line":716,"column":35}},"253":{"start":{"line":717,"column":12},"end":{"line":717,"column":43}},"254":{"start":{"line":718,"column":12},"end":{"line":718,"column":108}},"255":{"start":{"line":719,"column":12},"end":{"line":719,"column":24}}},"fnMap":{"0":{"name":"(anonymous_0)","decl":{"start":{"line":59,"column":4},"end":{"line":59,"column":5}},"loc":{"start":{"line":59,"column":46},"end":{"line":64,"column":5}},"line":59},"1":{"name":"(anonymous_1)","decl":{"start":{"line":66,"column":4},"end":{"line":66,"column":5}},"loc":{"start":{"line":66,"column":13},"end":{"line":68,"column":5}},"line":66},"2":{"name":"(anonymous_2)","decl":{"start":{"line":70,"column":4},"end":{"line":70,"column":5}},"loc":{"start":{"line":70,"column":24},"end":{"line":72,"column":5}},"line":70},"3":{"name":"(anonymous_3)","decl":{"start":{"line":74,"column":4},"end":{"line":74,"column":5}},"loc":{"start":{"line":74,"column":16},"end":{"line":76,"column":5}},"line":74},"4":{"name":"(anonymous_4)","decl":{"start":{"line":78,"column":4},"end":{"line":78,"column":5}},"loc":{"start":{"line":78,"column":22},"end":{"line":80,"column":5}},"line":78},"5":{"name":"(anonymous_5)","decl":{"start":{"line":82,"column":4},"end":{"line":82,"column":5}},"loc":{"start":{"line":82,"column":14},"end":{"line":84,"column":5}},"line":82},"6":{"name":"(anonymous_6)","decl":{"start":{"line":96,"column":4},"end":{"line":96,"column":5}},"loc":{"start":{"line":96,"column":25},"end":{"line":100,"column":5}},"line":96},"7":{"name":"(anonymous_7)","decl":{"start":{"line":108,"column":4},"end":{"line":108,"column":5}},"loc":{"start":{"line":108,"column":19},"end":{"line":119,"column":5}},"line":108},"8":{"name":"(anonymous_8)","decl":{"start":{"line":130,"column":4},"end":{"line":130,"column":5}},"loc":{"start":{"line":130,"column":32},"end":{"line":145,"column":5}},"line":130},"9":{"name":"(anonymous_9)","decl":{"start":{"line":154,"column":4},"end":{"line":154,"column":5}},"loc":{"start":{"line":154,"column":32},"end":{"line":165,"column":5}},"line":154},"10":{"name":"(anonymous_10)","decl":{"start":{"line":173,"column":4},"end":{"line":173,"column":5}},"loc":{"start":{"line":173,"column":46},"end":{"line":183,"column":5}},"line":173},"11":{"name":"(anonymous_11)","decl":{"start":{"line":190,"column":4},"end":{"line":190,"column":5}},"loc":{"start":{"line":190,"column":26},"end":{"line":200,"column":5}},"line":190},"12":{"name":"(anonymous_12)","decl":{"start":{"line":224,"column":4},"end":{"line":224,"column":5}},"loc":{"start":{"line":224,"column":38},"end":{"line":262,"column":5}},"line":224},"13":{"name":"(anonymous_13)","decl":{"start":{"line":264,"column":4},"end":{"line":264,"column":5}},"loc":{"start":{"line":264,"column":12},"end":{"line":266,"column":5}},"line":264},"14":{"name":"(anonymous_14)","decl":{"start":{"line":271,"column":4},"end":{"line":271,"column":5}},"loc":{"start":{"line":271,"column":25},"end":{"line":352,"column":5}},"line":271},"15":{"name":"(anonymous_15)","decl":{"start":{"line":282,"column":26},"end":{"line":282,"column":27}},"loc":{"start":{"line":282,"column":41},"end":{"line":337,"column":9}},"line":282},"16":{"name":"(anonymous_16)","decl":{"start":{"line":339,"column":25},"end":{"line":339,"column":26}},"loc":{"start":{"line":339,"column":37},"end":{"line":342,"column":9}},"line":339},"17":{"name":"(anonymous_17)","decl":{"start":{"line":344,"column":27},"end":{"line":344,"column":28}},"loc":{"start":{"line":344,"column":42},"end":{"line":347,"column":9}},"line":344},"18":{"name":"(anonymous_18)","decl":{"start":{"line":354,"column":4},"end":{"line":354,"column":5}},"loc":{"start":{"line":354,"column":20},"end":{"line":356,"column":5}},"line":354},"19":{"name":"(anonymous_19)","decl":{"start":{"line":358,"column":4},"end":{"line":358,"column":5}},"loc":{"start":{"line":358,"column":27},"end":{"line":360,"column":5}},"line":358},"20":{"name":"(anonymous_20)","decl":{"start":{"line":362,"column":4},"end":{"line":362,"column":5}},"loc":{"start":{"line":362,"column":60},"end":{"line":375,"column":5}},"line":362},"21":{"name":"(anonymous_21)","decl":{"start":{"line":377,"column":4},"end":{"line":377,"column":5}},"loc":{"start":{"line":377,"column":67},"end":{"line":391,"column":5}},"line":377},"22":{"name":"(anonymous_22)","decl":{"start":{"line":393,"column":4},"end":{"line":393,"column":5}},"loc":{"start":{"line":393,"column":63},"end":{"line":406,"column":5}},"line":393},"23":{"name":"(anonymous_23)","decl":{"start":{"line":408,"column":4},"end":{"line":408,"column":5}},"loc":{"start":{"line":408,"column":80},"end":{"line":422,"column":5}},"line":408},"24":{"name":"(anonymous_24)","decl":{"start":{"line":424,"column":4},"end":{"line":424,"column":5}},"loc":{"start":{"line":424,"column":53},"end":{"line":435,"column":5}},"line":424},"25":{"name":"(anonymous_25)","decl":{"start":{"line":437,"column":4},"end":{"line":437,"column":5}},"loc":{"start":{"line":437,"column":54},"end":{"line":448,"column":5}},"line":437},"26":{"name":"(anonymous_26)","decl":{"start":{"line":450,"column":4},"end":{"line":450,"column":5}},"loc":{"start":{"line":450,"column":68},"end":{"line":462,"column":5}},"line":450},"27":{"name":"(anonymous_27)","decl":{"start":{"line":464,"column":4},"end":{"line":464,"column":5}},"loc":{"start":{"line":464,"column":56},"end":{"line":475,"column":5}},"line":464},"28":{"name":"(anonymous_28)","decl":{"start":{"line":477,"column":4},"end":{"line":477,"column":5}},"loc":{"start":{"line":477,"column":71},"end":{"line":509,"column":5}},"line":477},"29":{"name":"(anonymous_29)","decl":{"start":{"line":483,"column":21},"end":{"line":483,"column":22}},"loc":{"start":{"line":483,"column":30},"end":{"line":485,"column":9}},"line":483},"30":{"name":"(anonymous_30)","decl":{"start":{"line":520,"column":4},"end":{"line":520,"column":5}},"loc":{"start":{"line":520,"column":35},"end":{"line":525,"column":5}},"line":520},"31":{"name":"(anonymous_31)","decl":{"start":{"line":521,"column":27},"end":{"line":521,"column":28}},"loc":{"start":{"line":521,"column":48},"end":{"line":524,"column":9}},"line":521},"32":{"name":"(anonymous_32)","decl":{"start":{"line":531,"column":4},"end":{"line":531,"column":5}},"loc":{"start":{"line":531,"column":15},"end":{"line":535,"column":5}},"line":531},"33":{"name":"handleMessage","decl":{"start":{"line":538,"column":15},"end":{"line":538,"column":28}},"loc":{"start":{"line":538,"column":50},"end":{"line":620,"column":1}},"line":538},"34":{"name":"createStub","decl":{"start":{"line":632,"column":9},"end":{"line":632,"column":19}},"loc":{"start":{"line":632,"column":63},"end":{"line":634,"column":1}},"line":632},"35":{"name":"newErrorMsg","decl":{"start":{"line":636,"column":9},"end":{"line":636,"column":20}},"loc":{"start":{"line":636,"column":33},"end":{"line":646,"column":1}},"line":636},"36":{"name":"shortTxid","decl":{"start":{"line":648,"column":9},"end":{"line":648,"column":18}},"loc":{"start":{"line":648,"column":25},"end":{"line":654,"column":1}},"line":648},"37":{"name":"parseResponse","decl":{"start":{"line":656,"column":9},"end":{"line":656,"column":22}},"loc":{"start":{"line":656,"column":45},"end":{"line":686,"column":1}},"line":656},"38":{"name":"(anonymous_38)","decl":{"start":{"line":694,"column":4},"end":{"line":694,"column":5}},"loc":{"start":{"line":694,"column":39},"end":{"line":721,"column":5}},"line":694}},"branchMap":{"0":{"loc":{"start":{"line":111,"column":8},"end":{"line":113,"column":9}},"type":"if","locations":[{"start":{"line":111,"column":8},"end":{"line":113,"column":9}},{"start":{"line":111,"column":8},"end":{"line":113,"column":9}}],"line":111},"1":{"loc":{"start":{"line":116,"column":8},"end":{"line":118,"column":9}},"type":"if","locations":[{"start":{"line":116,"column":8},"end":{"line":118,"column":9}},{"start":{"line":116,"column":8},"end":{"line":118,"column":9}}],"line":116},"2":{"loc":{"start":{"line":135,"column":8},"end":{"line":144,"column":9}},"type":"if","locations":[{"start":{"line":135,"column":8},"end":{"line":144,"column":9}},{"start":{"line":135,"column":8},"end":{"line":144,"column":9}}],"line":135},"3":{"loc":{"start":{"line":156,"column":8},"end":{"line":158,"column":9}},"type":"if","locations":[{"start":{"line":156,"column":8},"end":{"line":158,"column":9}},{"start":{"line":156,"column":8},"end":{"line":158,"column":9}}],"line":156},"4":{"loc":{"start":{"line":175,"column":8},"end":{"line":182,"column":9}},"type":"if","locations":[{"start":{"line":175,"column":8},"end":{"line":182,"column":9}},{"start":{"line":175,"column":8},"end":{"line":182,"column":9}}],"line":175},"5":{"loc":{"start":{"line":175,"column":12},"end":{"line":175,"column":43}},"type":"binary-expr","locations":[{"start":{"line":175,"column":12},"end":{"line":175,"column":20}},{"start":{"line":175,"column":24},"end":{"line":175,"column":43}}],"line":175},"6":{"loc":{"start":{"line":177,"column":12},"end":{"line":181,"column":13}},"type":"if","locations":[{"start":{"line":177,"column":12},"end":{"line":181,"column":13}},{"start":{"line":177,"column":12},"end":{"line":181,"column":13}}],"line":177},"7":{"loc":{"start":{"line":192,"column":8},"end":{"line":199,"column":9}},"type":"if","locations":[{"start":{"line":192,"column":8},"end":{"line":199,"column":9}},{"start":{"line":192,"column":8},"end":{"line":199,"column":9}}],"line":192},"8":{"loc":{"start":{"line":225,"column":8},"end":{"line":227,"column":9}},"type":"if","locations":[{"start":{"line":225,"column":8},"end":{"line":227,"column":9}},{"start":{"line":225,"column":8},"end":{"line":227,"column":9}}],"line":225},"9":{"loc":{"start":{"line":229,"column":8},"end":{"line":231,"column":9}},"type":"if","locations":[{"start":{"line":229,"column":8},"end":{"line":231,"column":9}},{"start":{"line":229,"column":8},"end":{"line":231,"column":9}}],"line":229},"10":{"loc":{"start":{"line":233,"column":8},"end":{"line":235,"column":9}},"type":"if","locations":[{"start":{"line":233,"column":8},"end":{"line":235,"column":9}},{"start":{"line":233,"column":8},"end":{"line":235,"column":9}}],"line":233},"11":{"loc":{"start":{"line":241,"column":8},"end":{"line":244,"column":9}},"type":"if","locations":[{"start":{"line":241,"column":8},"end":{"line":244,"column":9}},{"start":{"line":241,"column":8},"end":{"line":244,"column":9}}],"line":241},"12":{"loc":{"start":{"line":241,"column":12},"end":{"line":241,"column":95}},"type":"binary-expr","locations":[{"start":{"line":241,"column":12},"end":{"line":241,"column":16}},{"start":{"line":241,"column":20},"end":{"line":241,"column":52}},{"start":{"line":241,"column":56},"end":{"line":241,"column":95}}],"line":241},"13":{"loc":{"start":{"line":246,"column":24},"end":{"line":246,"column":40}},"type":"cond-expr","locations":[{"start":{"line":246,"column":31},"end":{"line":246,"column":35}},{"start":{"line":246,"column":38},"end":{"line":246,"column":40}}],"line":246},"14":{"loc":{"start":{"line":247,"column":12},"end":{"line":249,"column":13}},"type":"if","locations":[{"start":{"line":247,"column":12},"end":{"line":249,"column":13}},{"start":{"line":247,"column":12},"end":{"line":249,"column":13}}],"line":247},"15":{"loc":{"start":{"line":247,"column":16},"end":{"line":247,"column":67}},"type":"binary-expr","locations":[{"start":{"line":247,"column":16},"end":{"line":247,"column":29}},{"start":{"line":247,"column":33},"end":{"line":247,"column":67}}],"line":247},"16":{"loc":{"start":{"line":258,"column":8},"end":{"line":260,"column":9}},"type":"if","locations":[{"start":{"line":258,"column":8},"end":{"line":260,"column":9}},{"start":{"line":258,"column":8},"end":{"line":260,"column":9}}],"line":258},"17":{"loc":{"start":{"line":258,"column":11},"end":{"line":258,"column":42}},"type":"binary-expr","locations":[{"start":{"line":258,"column":11},"end":{"line":258,"column":15}},{"start":{"line":258,"column":19},"end":{"line":258,"column":42}}],"line":258},"18":{"loc":{"start":{"line":285,"column":12},"end":{"line":306,"column":13}},"type":"if","locations":[{"start":{"line":285,"column":12},"end":{"line":306,"column":13}},{"start":{"line":285,"column":12},"end":{"line":306,"column":13}}],"line":285},"19":{"loc":{"start":{"line":288,"column":16},"end":{"line":305,"column":17}},"type":"if","locations":[{"start":{"line":288,"column":16},"end":{"line":305,"column":17}},{"start":{"line":288,"column":16},"end":{"line":305,"column":17}}],"line":288},"20":{"loc":{"start":{"line":288,"column":20},"end":{"line":289,"column":28}},"type":"binary-expr","locations":[{"start":{"line":288,"column":20},"end":{"line":288,"column":48}},{"start":{"line":289,"column":5},"end":{"line":289,"column":28}}],"line":288},"21":{"loc":{"start":{"line":291,"column":20},"end":{"line":304,"column":21}},"type":"if","locations":[{"start":{"line":291,"column":20},"end":{"line":304,"column":21}},{"start":{"line":291,"column":20},"end":{"line":304,"column":21}}],"line":291},"22":{"loc":{"start":{"line":291,"column":24},"end":{"line":291,"column":77}},"type":"binary-expr","locations":[{"start":{"line":291,"column":24},"end":{"line":291,"column":50}},{"start":{"line":291,"column":54},"end":{"line":291,"column":77}}],"line":291},"23":{"loc":{"start":{"line":294,"column":27},"end":{"line":304,"column":21}},"type":"if","locations":[{"start":{"line":294,"column":27},"end":{"line":304,"column":21}},{"start":{"line":294,"column":27},"end":{"line":304,"column":21}}],"line":294},"24":{"loc":{"start":{"line":297,"column":27},"end":{"line":304,"column":21}},"type":"if","locations":[{"start":{"line":297,"column":27},"end":{"line":304,"column":21}},{"start":{"line":297,"column":27},"end":{"line":304,"column":21}}],"line":297},"25":{"loc":{"start":{"line":308,"column":12},"end":{"line":321,"column":13}},"type":"if","locations":[{"start":{"line":308,"column":12},"end":{"line":321,"column":13}},{"start":{"line":308,"column":12},"end":{"line":321,"column":13}}],"line":308},"26":{"loc":{"start":{"line":309,"column":16},"end":{"line":320,"column":17}},"type":"if","locations":[{"start":{"line":309,"column":16},"end":{"line":320,"column":17}},{"start":{"line":309,"column":16},"end":{"line":320,"column":17}}],"line":309},"27":{"loc":{"start":{"line":323,"column":12},"end":{"line":336,"column":13}},"type":"if","locations":[{"start":{"line":323,"column":12},"end":{"line":336,"column":13}},{"start":{"line":323,"column":12},"end":{"line":336,"column":13}}],"line":323},"28":{"loc":{"start":{"line":324,"column":16},"end":{"line":335,"column":17}},"type":"if","locations":[{"start":{"line":324,"column":16},"end":{"line":335,"column":17}},{"start":{"line":324,"column":16},"end":{"line":335,"column":17}}],"line":324},"29":{"loc":{"start":{"line":345,"column":65},"end":{"line":345,"column":92}},"type":"cond-expr","locations":[{"start":{"line":345,"column":77},"end":{"line":345,"column":86}},{"start":{"line":345,"column":89},"end":{"line":345,"column":92}}],"line":345},"30":{"loc":{"start":{"line":500,"column":8},"end":{"line":502,"column":9}},"type":"if","locations":[{"start":{"line":500,"column":8},"end":{"line":502,"column":9}},{"start":{"line":500,"column":8},"end":{"line":502,"column":9}}],"line":500},"31":{"loc":{"start":{"line":505,"column":8},"end":{"line":508,"column":9}},"type":"if","locations":[{"start":{"line":505,"column":8},"end":{"line":508,"column":9}},{"start":{"line":505,"column":8},"end":{"line":508,"column":9}}],"line":505},"32":{"loc":{"start":{"line":552,"column":4},"end":{"line":619,"column":5}},"type":"if","locations":[{"start":{"line":552,"column":4},"end":{"line":619,"column":5}},{"start":{"line":552,"column":4},"end":{"line":619,"column":5}}],"line":552},"33":{"loc":{"start":{"line":568,"column":8},"end":{"line":616,"column":9}},"type":"if","locations":[{"start":{"line":568,"column":8},"end":{"line":616,"column":9}},{"start":{"line":568,"column":8},"end":{"line":616,"column":9}}],"line":568},"34":{"loc":{"start":{"line":570,"column":12},"end":{"line":576,"column":13}},"type":"if","locations":[{"start":{"line":570,"column":12},"end":{"line":576,"column":13}},{"start":{"line":570,"column":12},"end":{"line":576,"column":13}}],"line":570},"35":{"loc":{"start":{"line":578,"column":12},"end":{"line":583,"column":13}},"type":"if","locations":[{"start":{"line":578,"column":12},"end":{"line":583,"column":13}},{"start":{"line":578,"column":12},"end":{"line":583,"column":13}}],"line":578},"36":{"loc":{"start":{"line":578,"column":16},"end":{"line":578,"column":37}},"type":"binary-expr","locations":[{"start":{"line":578,"column":16},"end":{"line":578,"column":21}},{"start":{"line":578,"column":25},"end":{"line":578,"column":37}}],"line":578},"37":{"loc":{"start":{"line":591,"column":12},"end":{"line":613,"column":13}},"type":"if","locations":[{"start":{"line":591,"column":12},"end":{"line":613,"column":13}},{"start":{"line":591,"column":12},"end":{"line":613,"column":13}}],"line":591},"38":{"loc":{"start":{"line":649,"column":4},"end":{"line":651,"column":5}},"type":"if","locations":[{"start":{"line":649,"column":4},"end":{"line":651,"column":5}},{"start":{"line":649,"column":4},"end":{"line":651,"column":5}}],"line":649},"39":{"loc":{"start":{"line":657,"column":4},"end":{"line":685,"column":5}},"type":"if","locations":[{"start":{"line":657,"column":4},"end":{"line":685,"column":5}},{"start":{"line":657,"column":4},"end":{"line":685,"column":5}}],"line":657},"40":{"loc":{"start":{"line":662,"column":8},"end":{"line":673,"column":9}},"type":"switch","locations":[{"start":{"line":663,"column":8},"end":{"line":663,"column":31}},{"start":{"line":664,"column":8},"end":{"line":665,"column":126}},{"start":{"line":666,"column":8},"end":{"line":667,"column":128}},{"start":{"line":668,"column":8},"end":{"line":668,"column":30}},{"start":{"line":669,"column":8},"end":{"line":670,"column":67}},{"start":{"line":671,"column":8},"end":{"line":672,"column":70}}],"line":662},"41":{"loc":{"start":{"line":676,"column":11},"end":{"line":685,"column":5}},"type":"if","locations":[{"start":{"line":676,"column":11},"end":{"line":685,"column":5}},{"start":{"line":676,"column":11},"end":{"line":685,"column":5}}],"line":676},"42":{"loc":{"start":{"line":697,"column":8},"end":{"line":699,"column":9}},"type":"if","locations":[{"start":{"line":697,"column":8},"end":{"line":699,"column":9}},{"start":{"line":697,"column":8},"end":{"line":699,"column":9}}],"line":697},"43":{"loc":{"start":{"line":700,"column":8},"end":{"line":720,"column":9}},"type":"if","locations":[{"start":{"line":700,"column":8},"end":{"line":720,"column":9}},{"start":{"line":700,"column":8},"end":{"line":720,"column":9}}],"line":700},"44":{"loc":{"start":{"line":703,"column":15},"end":{"line":720,"column":9}},"type":"if","locations":[{"start":{"line":703,"column":15},"end":{"line":720,"column":9}},{"start":{"line":703,"column":15},"end":{"line":720,"column":9}}],"line":703},"45":{"loc":{"start":{"line":704,"column":12},"end":{"line":706,"column":13}},"type":"if","locations":[{"start":{"line":704,"column":12},"end":{"line":706,"column":13}},{"start":{"line":704,"column":12},"end":{"line":706,"column":13}}],"line":704},"46":{"loc":{"start":{"line":704,"column":15},"end":{"line":704,"column":68}},"type":"binary-expr","locations":[{"start":{"line":704,"column":15},"end":{"line":704,"column":20}},{"start":{"line":704,"column":24},"end":{"line":704,"column":33}},{"start":{"line":704,"column":37},"end":{"line":704,"column":68}}],"line":704},"47":{"loc":{"start":{"line":707,"column":12},"end":{"line":709,"column":13}},"type":"if","locations":[{"start":{"line":707,"column":12},"end":{"line":709,"column":13}},{"start":{"line":707,"column":12},"end":{"line":709,"column":13}}],"line":707},"48":{"loc":{"start":{"line":707,"column":15},"end":{"line":707,"column":59}},"type":"binary-expr","locations":[{"start":{"line":707,"column":15},"end":{"line":707,"column":24}},{"start":{"line":707,"column":28},"end":{"line":707,"column":59}}],"line":707},"49":{"loc":{"start":{"line":710,"column":12},"end":{"line":712,"column":13}},"type":"if","locations":[{"start":{"line":710,"column":12},"end":{"line":712,"column":13}},{"start":{"line":710,"column":12},"end":{"line":712,"column":13}}],"line":710},"50":{"loc":{"start":{"line":710,"column":15},"end":{"line":710,"column":61}},"type":"binary-expr","locations":[{"start":{"line":710,"column":15},"end":{"line":710,"column":25}},{"start":{"line":710,"column":29},"end":{"line":710,"column":61}}],"line":710}},"s":{"0":1,"1":1,"2":1,"3":1,"4":1,"5":1,"6":1,"7":1,"8":1,"9":1,"10":1,"11":1,"12":1,"13":1,"14":1,"15":0,"16":0,"17":0,"18":0,"19":0,"20":0,"21":0,"22":0,"23":0,"24":0,"25":0,"26":0,"27":0,"28":0,"29":0,"30":0,"31":0,"32":0,"33":0,"34":0,"35":0,"36":0,"37":0,"38":0,"39":0,"40":0,"41":0,"42":0,"43":0,"44":0,"45":0,"46":0,"47":0,"48":0,"49":0,"50":0,"51":0,"52":0,"53":0,"54":0,"55":0,"56":0,"57":0,"58":0,"59":0,"60":0,"61":0,"62":0,"63":0,"64":0,"65":0,"66":0,"67":0,"68":0,"69":0,"70":0,"71":0,"72":0,"73":0,"74":0,"75":0,"76":0,"77":0,"78":0,"79":0,"80":0,"81":0,"82":0,"83":0,"84":0,"85":0,"86":0,"87":0,"88":0,"89":0,"90":0,"91":0,"92":0,"93":0,"94":0,"95":0,"96":0,"97":0,"98":0,"99":0,"100":0,"101":0,"102":0,"103":0,"104":0,"105":0,"106":0,"107":0,"108":0,"109":0,"110":0,"111":0,"112":0,"113":0,"114":0,"115":0,"116":0,"117":0,"118":0,"119":0,"120":0,"121":0,"122":0,"123":0,"124":0,"125":0,"126":0,"127":0,"128":0,"129":0,"130":0,"131":0,"132":0,"133":0,"134":0,"135":0,"136":0,"137":0,"138":0,"139":0,"140":0,"141":0,"142":0,"143":0,"144":0,"145":0,"146":0,"147":0,"148":0,"149":0,"150":0,"151":0,"152":0,"153":0,"154":0,"155":0,"156":0,"157":0,"158":0,"159":0,"160":0,"161":0,"162":0,"163":0,"164":0,"165":0,"166":0,"167":0,"168":0,"169":0,"170":0,"171":0,"172":0,"173":0,"174":0,"175":0,"176":0,"177":0,"178":0,"179":0,"180":0,"181":0,"182":0,"183":0,"184":0,"185":0,"186":0,"187":0,"188":0,"189":0,"190":0,"191":0,"192":0,"193":0,"194":0,"195":0,"196":0,"197":0,"198":0,"199":0,"200":0,"201":0,"202":0,"203":0,"204":0,"205":0,"206":0,"207":0,"208":0,"209":0,"210":0,"211":0,"212":0,"213":0,"214":0,"215":0,"216":0,"217":0,"218":0,"219":0,"220":0,"221":0,"222":0,"223":0,"224":0,"225":0,"226":0,"227":0,"228":0,"229":0,"230":0,"231":0,"232":0,"233":0,"234":0,"235":0,"236":1,"237":0,"238":0,"239":0,"240":0,"241":0,"242":0,"243":0,"244":0,"245":0,"246":0,"247":0,"248":0,"249":0,"250":0,"251":0,"252":0,"253":0,"254":0,"255":0},"f":{"0":0,"1":0,"2":0,"3":0,"4":0,"5":0,"6":0,"7":0,"8":0,"9":0,"10":0,"11":0,"12":0,"13":0,"14":0,"15":0,"16":0,"17":0,"18":0,"19":0,"20":0,"21":0,"22":0,"23":0,"24":0,"25":0,"26":0,"27":0,"28":0,"29":0,"30":0,"31":0,"32":0,"33":0,"34":0,"35":0,"36":0,"37":0,"38":0},"b":{"0":[0,0],"1":[0,0],"2":[0,0],"3":[0,0],"4":[0,0],"5":[0,0],"6":[0,0],"7":[0,0],"8":[0,0],"9":[0,0],"10":[0,0],"11":[0,0],"12":[0,0,0],"13":[0,0],"14":[0,0],"15":[0,0],"16":[0,0],"17":[0,0],"18":[0,0],"19":[0,0],"20":[0,0],"21":[0,0],"22":[0,0],"23":[0,0],"24":[0,0],"25":[0,0],"26":[0,0],"27":[0,0],"28":[0,0],"29":[0,0],"30":[0,0],"31":[0,0],"32":[0,0],"33":[0,0],"34":[0,0],"35":[0,0],"36":[0,0],"37":[0,0],"38":[0,0],"39":[0,0],"40":[0,0,0,0,0,0],"41":[0,0],"42":[0,0],"43":[0,0],"44":[0,0],"45":[0,0],"46":[0,0,0],"47":[0,0],"48":[0,0],"49":[0,0],"50":[0,0]},"_coverageSchema":"d34fc3e6b8297bcde183f5492bcb8fcb36775295","hash":"7cce8d0a6ab09eb69de407fc96f59531e1d73d40","contentHash":"fb8cd815a3a8d83341ee44b0e58ca9d6_12.0.2"},"/home/matthew/go/src/github.com/hyperledger/fabric-chaincode-node/src/shim/iterators.js":{"path":"/home/matthew/go/src/github.com/hyperledger/fabric-chaincode-node/src/shim/iterators.js","statementMap":{"0":{"start":{"line":2,"column":13},"end":{"line":2,"column":28}},"1":{"start":{"line":3,"column":13},"end":{"line":3,"column":28}},"2":{"start":{"line":4,"column":21},"end":{"line":4,"column":38}},"3":{"start":{"line":6,"column":26},"end":{"line":9,"column":14}},"4":{"start":{"line":25,"column":8},"end":{"line":25,"column":16}},"5":{"start":{"line":26,"column":8},"end":{"line":26,"column":25}},"6":{"start":{"line":27,"column":8},"end":{"line":27,"column":31}},"7":{"start":{"line":28,"column":8},"end":{"line":28,"column":37}},"8":{"start":{"line":29,"column":8},"end":{"line":29,"column":25}},"9":{"start":{"line":30,"column":8},"end":{"line":30,"column":33}},"10":{"start":{"line":31,"column":8},"end":{"line":31,"column":28}},"11":{"start":{"line":41,"column":8},"end":{"line":41,"column":102}},"12":{"start":{"line":49,"column":8},"end":{"line":53,"column":9}},"13":{"start":{"line":50,"column":12},"end":{"line":50,"column":66}},"14":{"start":{"line":51,"column":15},"end":{"line":53,"column":9}},"15":{"start":{"line":52,"column":12},"end":{"line":52,"column":79}},"16":{"start":{"line":54,"column":8},"end":{"line":54,"column":80}},"17":{"start":{"line":62,"column":26},"end":{"line":62,"column":28}},"18":{"start":{"line":63,"column":8},"end":{"line":63,"column":93}},"19":{"start":{"line":64,"column":8},"end":{"line":64,"column":26}},"20":{"start":{"line":65,"column":8},"end":{"line":65,"column":103}},"21":{"start":{"line":66,"column":8},"end":{"line":68,"column":9}},"22":{"start":{"line":67,"column":12},"end":{"line":67,"column":49}},"23":{"start":{"line":69,"column":8},"end":{"line":69,"column":27}},"24":{"start":{"line":81,"column":8},"end":{"line":111,"column":9}},"25":{"start":{"line":82,"column":12},"end":{"line":82,"column":47}},"26":{"start":{"line":86,"column":12},"end":{"line":105,"column":13}},"27":{"start":{"line":87,"column":16},"end":{"line":104,"column":17}},"28":{"start":{"line":88,"column":35},"end":{"line":88,"column":120}},"29":{"start":{"line":89,"column":20},"end":{"line":89,"column":40}},"30":{"start":{"line":90,"column":20},"end":{"line":90,"column":45}},"31":{"start":{"line":91,"column":20},"end":{"line":91,"column":55}},"32":{"start":{"line":99,"column":20},"end":{"line":102,"column":21}},"33":{"start":{"line":100,"column":24},"end":{"line":100,"column":54}},"34":{"start":{"line":101,"column":24},"end":{"line":101,"column":31}},"35":{"start":{"line":103,"column":20},"end":{"line":103,"column":30}},"36":{"start":{"line":107,"column":12},"end":{"line":109,"column":13}},"37":{"start":{"line":108,"column":16},"end":{"line":108,"column":39}},"38":{"start":{"line":110,"column":12},"end":{"line":110,"column":32}},"39":{"start":{"line":123,"column":8},"end":{"line":123,"column":60}},"40":{"start":{"line":133,"column":8},"end":{"line":133,"column":62}},"41":{"start":{"line":137,"column":0},"end":{"line":137,"column":55}},"42":{"start":{"line":138,"column":0},"end":{"line":138,"column":59}}},"fnMap":{"0":{"name":"(anonymous_0)","decl":{"start":{"line":24,"column":4},"end":{"line":24,"column":5}},"loc":{"start":{"line":24,"column":59},"end":{"line":32,"column":5}},"line":24},"1":{"name":"(anonymous_1)","decl":{"start":{"line":40,"column":4},"end":{"line":40,"column":5}},"loc":{"start":{"line":40,"column":18},"end":{"line":42,"column":5}},"line":40},"2":{"name":"(anonymous_2)","decl":{"start":{"line":48,"column":4},"end":{"line":48,"column":5}},"loc":{"start":{"line":48,"column":31},"end":{"line":55,"column":5}},"line":48},"3":{"name":"(anonymous_3)","decl":{"start":{"line":61,"column":4},"end":{"line":61,"column":5}},"loc":{"start":{"line":61,"column":27},"end":{"line":70,"column":5}},"line":61},"4":{"name":"(anonymous_4)","decl":{"start":{"line":79,"column":4},"end":{"line":79,"column":5}},"loc":{"start":{"line":79,"column":17},"end":{"line":113,"column":5}},"line":79},"5":{"name":"(anonymous_5)","decl":{"start":{"line":122,"column":4},"end":{"line":122,"column":5}},"loc":{"start":{"line":122,"column":53},"end":{"line":124,"column":5}},"line":122},"6":{"name":"(anonymous_6)","decl":{"start":{"line":132,"column":4},"end":{"line":132,"column":5}},"loc":{"start":{"line":132,"column":53},"end":{"line":134,"column":5}},"line":132}},"branchMap":{"0":{"loc":{"start":{"line":49,"column":8},"end":{"line":53,"column":9}},"type":"if","locations":[{"start":{"line":49,"column":8},"end":{"line":53,"column":9}},{"start":{"line":49,"column":8},"end":{"line":53,"column":9}}],"line":49},"1":{"loc":{"start":{"line":51,"column":15},"end":{"line":53,"column":9}},"type":"if","locations":[{"start":{"line":51,"column":15},"end":{"line":53,"column":9}},{"start":{"line":51,"column":15},"end":{"line":53,"column":9}}],"line":51},"2":{"loc":{"start":{"line":65,"column":29},"end":{"line":65,"column":101}},"type":"binary-expr","locations":[{"start":{"line":65,"column":29},"end":{"line":65,"column":75}},{"start":{"line":65,"column":79},"end":{"line":65,"column":101}}],"line":65},"3":{"loc":{"start":{"line":66,"column":8},"end":{"line":68,"column":9}},"type":"if","locations":[{"start":{"line":66,"column":8},"end":{"line":68,"column":9}},{"start":{"line":66,"column":8},"end":{"line":68,"column":9}}],"line":66},"4":{"loc":{"start":{"line":81,"column":8},"end":{"line":111,"column":9}},"type":"if","locations":[{"start":{"line":81,"column":8},"end":{"line":111,"column":9}},{"start":{"line":81,"column":8},"end":{"line":111,"column":9}}],"line":81},"5":{"loc":{"start":{"line":86,"column":12},"end":{"line":105,"column":13}},"type":"if","locations":[{"start":{"line":86,"column":12},"end":{"line":105,"column":13}},{"start":{"line":86,"column":12},"end":{"line":105,"column":13}}],"line":86},"6":{"loc":{"start":{"line":99,"column":20},"end":{"line":102,"column":21}},"type":"if","locations":[{"start":{"line":99,"column":20},"end":{"line":102,"column":21}},{"start":{"line":99,"column":20},"end":{"line":102,"column":21}}],"line":99},"7":{"loc":{"start":{"line":107,"column":12},"end":{"line":109,"column":13}},"type":"if","locations":[{"start":{"line":107,"column":12},"end":{"line":109,"column":13}},{"start":{"line":107,"column":12},"end":{"line":109,"column":13}}],"line":107}},"s":{"0":1,"1":1,"2":1,"3":1,"4":0,"5":0,"6":0,"7":0,"8":0,"9":0,"10":0,"11":0,"12":0,"13":0,"14":0,"15":0,"16":0,"17":0,"18":0,"19":0,"20":0,"21":0,"22":0,"23":0,"24":0,"25":0,"26":0,"27":0,"28":0,"29":0,"30":0,"31":0,"32":0,"33":0,"34":0,"35":0,"36":0,"37":0,"38":0,"39":0,"40":0,"41":1,"42":1},"f":{"0":0,"1":0,"2":0,"3":0,"4":0,"5":0,"6":0},"b":{"0":[0,0],"1":[0,0],"2":[0,0],"3":[0,0],"4":[0,0],"5":[0,0],"6":[0,0],"7":[0,0]},"_coverageSchema":"d34fc3e6b8297bcde183f5492bcb8fcb36775295","hash":"e3b0b46d3c246b02309fdd959cfa4fcf11f01f69","contentHash":"1380a76b9fa5d7a6f2de1526006fecb5_12.0.2"},"/home/matthew/go/src/github.com/hyperledger/fabric-chaincode-node/src/shim/stub.js":{"path":"/home/matthew/go/src/github.com/hyperledger/fabric-chaincode-node/src/shim/stub.js","statementMap":{"0":{"start":{"line":10,"column":13},"end":{"line":10,"column":28}},"1":{"start":{"line":11,"column":13},"end":{"line":11,"column":28}},"2":{"start":{"line":12,"column":13},"end":{"line":12,"column":28}},"3":{"start":{"line":13,"column":13},"end":{"line":13,"column":28}},"4":{"start":{"line":14,"column":15},"end":{"line":14,"column":32}},"5":{"start":{"line":16,"column":21},"end":{"line":19,"column":9}},"6":{"start":{"line":21,"column":23},"end":{"line":24,"column":9}},"7":{"start"
[...]
4},"end":{"line":369,"column":5}},"loc":{"start":{"line":369,"column":17},"end":{"line":371,"column":5}},"line":369},"14":{"name":"(anonymous_14)","decl":{"start":{"line":379,"column":4},"end":{"line":379,"column":5}},"loc":{"start":{"line":379,"column":24},"end":{"line":384,"column":5}},"line":379},"15":{"name":"(anonymous_15)","decl":{"start":{"line":396,"column":4},"end":{"line":396,"column":5}},"loc":{"start":{"line":396,"column":31},"end":{"line":400,"column":5}},"line":396},"16":{"name":"(anonymous_16)","decl":{"start":{"line":409,"column":4},"end":{"line":409,"column":5}},"loc":{"start":{"line":409,"column":27},"end":{"line":413,"column":5}},"line":409},"17":{"name":"(anonymous_17)","decl":{"start":{"line":430,"column":4},"end":{"line":430,"column":5}},"loc":{"start":{"line":430,"column":44},"end":{"line":437,"column":5}},"line":430},"18":{"name":"(anonymous_18)","decl":{"start":{"line":455,"column":4},"end":{"line":455,"column":5}},"loc":{"start":{"line":455,"column":32},"end":{"line":459,"column":5}},"line":455},"19":{"name":"(anonymous_19)","decl":{"start":{"line":478,"column":4},"end":{"line":478,"column":5}},"loc":{"start":{"line":478,"column":32},"end":{"line":480,"column":5}},"line":478},"20":{"name":"(anonymous_20)","decl":{"start":{"line":511,"column":4},"end":{"line":511,"column":5}},"loc":{"start":{"line":511,"column":56},"end":{"line":516,"column":5}},"line":511},"21":{"name":"(anonymous_21)","decl":{"start":{"line":529,"column":4},"end":{"line":529,"column":5}},"loc":{"start":{"line":529,"column":28},"end":{"line":537,"column":5}},"line":529},"22":{"name":"(anonymous_22)","decl":{"start":{"line":558,"column":4},"end":{"line":558,"column":5}},"loc":{"start":{"line":558,"column":47},"end":{"line":570,"column":5}},"line":558},"23":{"name":"(anonymous_23)","decl":{"start":{"line":565,"column":27},"end":{"line":565,"column":28}},"loc":{"start":{"line":565,"column":42},"end":{"line":568,"column":9}},"line":565},"24":{"name":"(anonymous_24)","decl":{"start":{"line":581,"column":4},"end":{"line":581,"column":5}},"loc":{"start":{"line":581,"column":36},"end":{"line":595,"column":5}},"line":581},"25":{"name":"(anonymous_25)","decl":{"start":{"line":615,"column":4},"end":{"line":615,"column":5}},"loc":{"start":{"line":615,"column":64},"end":{"line":618,"column":5}},"line":615},"26":{"name":"(anonymous_26)","decl":{"start":{"line":630,"column":4},"end":{"line":630,"column":5}},"loc":{"start":{"line":630,"column":42},"end":{"line":640,"column":5}},"line":630},"27":{"name":"(anonymous_27)","decl":{"start":{"line":657,"column":4},"end":{"line":657,"column":5}},"loc":{"start":{"line":657,"column":49},"end":{"line":670,"column":5}},"line":657},"28":{"name":"(anonymous_28)","decl":{"start":{"line":683,"column":4},"end":{"line":683,"column":5}},"loc":{"start":{"line":683,"column":45},"end":{"line":693,"column":5}},"line":683},"29":{"name":"(anonymous_29)","decl":{"start":{"line":710,"column":4},"end":{"line":710,"column":5}},"loc":{"start":{"line":710,"column":62},"end":{"line":723,"column":5}},"line":710},"30":{"name":"(anonymous_30)","decl":{"start":{"line":741,"column":4},"end":{"line":741,"column":5}},"loc":{"start":{"line":741,"column":82},"end":{"line":752,"column":5}},"line":741},"31":{"name":"(anonymous_31)","decl":{"start":{"line":771,"column":4},"end":{"line":771,"column":5}},"loc":{"start":{"line":771,"column":55},"end":{"line":781,"column":5}},"line":771}},"branchMap":{"0":{"loc":{"start":{"line":56,"column":4},"end":{"line":58,"column":5}},"type":"if","locations":[{"start":{"line":56,"column":4},"end":{"line":58,"column":5}},{"start":{"line":56,"column":4},"end":{"line":58,"column":5}}],"line":56},"1":{"loc":{"start":{"line":56,"column":8},"end":{"line":56,"column":62}},"type":"binary-expr","locations":[{"start":{"line":56,"column":8},"end":{"line":56,"column":13}},{"start":{"line":56,"column":17},"end":{"line":56,"column":41}},{"start":{"line":56,"column":45},"end":{"line":56,"column":62}}],"line":56},"2":{"loc":{"start":{"line":105,"column":8},"end":{"line":172,"column":9}},"type":"if","locations":[{"start":{"line":105,"column":8},"end":{"line":172,"column":9}},{"start":{"line":105,"column":8},"end":{"line":172,"column":9}}],"line":105},"3":{"loc":{"start":{"line":119,"column":12},"end":{"line":120,"column":58}},"type":"if","locations":[{"start":{"line":119,"column":12},"end":{"line":120,"column":58}},{"start":{"line":119,"column":12},"end":{"line":120,"column":58}}],"line":119},"4":{"loc":{"start":{"line":119,"column":16},"end":{"line":119,"column":85}},"type":"binary-expr","locations":[{"start":{"line":119,"column":16},"end":{"line":119,"column":37}},{"start":{"line":119,"column":41},"end":{"line":119,"column":85}}],"line":119},"5":{"loc":{"start":{"line":122,"column":12},"end":{"line":123,"column":59}},"type":"if","locations":[{"start":{"line":122,"column":12},"end":{"line":123,"column":59}},{"start":{"line":122,"column":12},"end":{"line":123,"column":59}}],"line":122},"6":{"loc":{"start":{"line":122,"column":16},"end":{"line":122,"column":87}},"type":"binary-expr","locations":[{"start":{"line":122,"column":16},"end":{"line":122,"column":38}},{"start":{"line":122,"column":42},"end":{"line":122,"column":87}}],"line":122},"7":{"loc":{"start":{"line":206,"column":8},"end":{"line":216,"column":9}},"type":"if","locations":[{"start":{"line":206,"column":8},"end":{"line":216,"column":9}},{"start":{"line":206,"column":8},"end":{"line":216,"column":9}}],"line":206},"8":{"loc":{"start":{"line":431,"column":8},"end":{"line":433,"column":9}},"type":"if","locations":[{"start":{"line":431,"column":8},"end":{"line":433,"column":9}},{"start":{"line":431,"column":8},"end":{"line":433,"column":9}}],"line":431},"9":{"loc":{"start":{"line":431,"column":12},"end":{"line":431,"column":46}},"type":"binary-expr","locations":[{"start":{"line":431,"column":12},"end":{"line":431,"column":21}},{"start":{"line":431,"column":25},"end":{"line":431,"column":46}}],"line":431},"10":{"loc":{"start":{"line":512,"column":8},"end":{"line":514,"column":9}},"type":"if","locations":[{"start":{"line":512,"column":8},"end":{"line":514,"column":9}},{"start":{"line":512,"column":8},"end":{"line":514,"column":9}}],"line":512},"11":{"loc":{"start":{"line":512,"column":12},"end":{"line":512,"column":41}},"type":"binary-expr","locations":[{"start":{"line":512,"column":12},"end":{"line":512,"column":19}},{"start":{"line":512,"column":23},"end":{"line":512,"column":41}}],"line":512},"12":{"loc":{"start":{"line":530,"column":8},"end":{"line":531,"column":67}},"type":"if","locations":[{"start":{"line":530,"column":8},"end":{"line":531,"column":67}},{"start":{"line":530,"column":8},"end":{"line":531,"column":67}}],"line":530},"13":{"loc":{"start":{"line":530,"column":12},"end":{"line":530,"column":51}},"type":"binary-expr","locations":[{"start":{"line":530,"column":12},"end":{"line":530,"column":36}},{"start":{"line":530,"column":40},"end":{"line":530,"column":51}}],"line":530},"14":{"loc":{"start":{"line":560,"column":8},"end":{"line":562,"column":9}},"type":"if","locations":[{"start":{"line":560,"column":8},"end":{"line":562,"column":9}},{"start":{"line":560,"column":8},"end":{"line":562,"column":9}}],"line":560},"15":{"loc":{"start":{"line":583,"column":8},"end":{"line":593,"column":9}},"type":"if","locations":[{"start":{"line":583,"column":8},"end":{"line":593,"column":9}},{"start":{"line":583,"column":8},"end":{"line":593,"column":9}}],"line":583},"16":{"loc":{"start":{"line":583,"column":12},"end":{"line":583,"column":97}},"type":"binary-expr","locations":[{"start":{"line":583,"column":12},"end":{"line":583,"column":24}},{"start":{"line":583,"column":28},"end":{"line":583,"column":51}},{"start":{"line":583,"column":55},"end":{"line":583,"column":97}}],"line":583},"17":{"loc":{"start":{"line":585,"column":12},"end":{"line":592,"column":13}},"type":"if","locations":[{"start":{"line":585,"column":12},"end":{"line":592,"column":13}},{"start":{"line":585,"column":12},"end":{"line":592,"column":13}}],"line":585},"18":{"loc":{"start":{"line":588,"column":16},"end":{"line":591,"column":17}},"type":"if","locations":[{"start":{"line":588,"column":16},"end":{"line":591,"column":17}},{"start":{"line":588,"column":16},"end":{"line":591,"column":17}}],"line":588},"19":{"loc":{"start":{"line":632,"column":8},"end":{"line":634,"column":9}},"type":"if","locations":[{"start":{"line":632,"column":8},"end":{"line":634,"column":9}},{"start":{"line":632,"column":8},"end":{"line":634,"column":9}}],"line":632},"20":{"loc":{"start":{"line":635,"column":8},"end":{"line":637,"column":9}},"type":"if","locations":[{"start":{"line":635,"column":8},"end":{"line":637,"column":9}},{"start":{"line":635,"column":8},"end":{"line":637,"column":9}}],"line":635},"21":{"loc":{"start":{"line":659,"column":8},"end":{"line":661,"column":9}},"type":"if","locations":[{"start":{"line":659,"column":8},"end":{"line":661,"column":9}},{"start":{"line":659,"column":8},"end":{"line":661,"column":9}}],"line":659},"22":{"loc":{"start":{"line":662,"column":8},"end":{"line":664,"column":9}},"type":"if","locations":[{"start":{"line":662,"column":8},"end":{"line":664,"column":9}},{"start":{"line":662,"column":8},"end":{"line":664,"column":9}}],"line":662},"23":{"loc":{"start":{"line":665,"column":8},"end":{"line":667,"column":9}},"type":"if","locations":[{"start":{"line":665,"column":8},"end":{"line":667,"column":9}},{"start":{"line":665,"column":8},"end":{"line":667,"column":9}}],"line":665},"24":{"loc":{"start":{"line":685,"column":8},"end":{"line":687,"column":9}},"type":"if","locations":[{"start":{"line":685,"column":8},"end":{"line":687,"column":9}},{"start":{"line":685,"column":8},"end":{"line":687,"column":9}}],"line":685},"25":{"loc":{"start":{"line":688,"column":8},"end":{"line":690,"column":9}},"type":"if","locations":[{"start":{"line":688,"column":8},"end":{"line":690,"column":9}},{"start":{"line":688,"column":8},"end":{"line":690,"column":9}}],"line":688},"26":{"loc":{"start":{"line":712,"column":8},"end":{"line":714,"column":9}},"type":"if","locations":[{"start":{"line":712,"column":8},"end":{"line":714,"column":9}},{"start":{"line":712,"column":8},"end":{"line":714,"column":9}}],"line":712},"27":{"loc":{"start":{"line":715,"column":8},"end":{"line":717,"column":9}},"type":"if","locations":[{"start":{"line":715,"column":8},"end":{"line":717,"column":9}},{"start":{"line":715,"column":8},"end":{"line":717,"column":9}}],"line":715},"28":{"loc":{"start":{"line":718,"column":8},"end":{"line":720,"column":9}},"type":"if","locations":[{"start":{"line":718,"column":8},"end":{"line":720,"column":9}},{"start":{"line":718,"column":8},"end":{"line":720,"column":9}}],"line":718},"29":{"loc":{"start":{"line":718,"column":12},"end":{"line":718,"column":46}},"type":"binary-expr","locations":[{"start":{"line":718,"column":12},"end":{"line":718,"column":21}},{"start":{"line":718,"column":25},"end":{"line":718,"column":46}}],"line":718},"30":{"loc":{"start":{"line":743,"column":8},"end":{"line":745,"column":9}},"type":"if","locations":[{"start":{"line":743,"column":8},"end":{"line":745,"column":9}},{"start":{"line":743,"column":8},"end":{"line":745,"column":9}}],"line":743},"31":{"loc":{"start":{"line":746,"column":8},"end":{"line":748,"column":9}},"type":"if","locations":[{"start":{"line":746,"column":8},"end":{"line":748,"column":9}},{"start":{"line":746,"column":8},"end":{"line":748,"column":9}}],"line":746},"32":{"loc":{"start":{"line":773,"column":8},"end":{"line":775,"column":9}},"type":"if","locations":[{"start":{"line":773,"column":8},"end":{"line":775,"column":9}},{"start":{"line":773,"column":8},"end":{"line":775,"column":9}}],"line":773},"33":{"loc":{"start":{"line":776,"column":8},"end":{"line":778,"column":9}},"type":"if","locations":[{"start":{"line":776,"column":8},"end":{"line":778,"column":9}},{"start":{"line":776,"column":8},"end":{"line":778,"column":9}}],"line":776}},"s":{"0":1,"1":1,"2":1,"3":1,"4":1,"5":1,"6":1,"7":1,"8":1,"9":1,"10":1,"11":1,"12":1,"13":1,"14":1,"15":0,"16":0,"17":0,"18":0,"19":0,"20":0,"21":0,"22":0,"23":0,"24":0,"25":0,"26":0,"27":0,"28":0,"29":0,"30":0,"31":0,"32":0,"33":0,"34":0,"35":0,"36":0,"37":0,"38":0,"39":0,"40":0,"41":0,"42":0,"43":0,"44":0,"45":0,"46":0,"47":0,"48":0,"49":0,"50":0,"51":0,"52":0,"53":0,"54":0,"55":0,"56":0,"57":0,"58":0,"59":0,"60":0,"61":0,"62":0,"63":0,"64":0,"65":0,"66":0,"67":0,"68":0,"69":0,"70":0,"71":0,"72":0,"73":0,"74":0,"75":0,"76":0,"77":0,"78":0,"79":0,"80":0,"81":0,"82":0,"83":0,"84":0,"85":0,"86":0,"87":0,"88":0,"89":0,"90":0,"91":0,"92":0,"93":0,"94":0,"95":0,"96":0,"97":0,"98":0,"99":0,"100":0,"101":0,"102":0,"103":0,"104":0,"105":0,"106":0,"107":0,"108":0,"109":0,"110":0,"111":0,"112":0,"113":0,"114":0,"115":0,"116":0,"117":0,"118":0,"119":0,"120":0,"121":0,"122":0,"123":0,"124":0,"125":0,"126":0,"127":0,"128":0,"129":0,"130":0,"131":0,"132":0,"133":0,"134":0,"135":0,"136":0,"137":0,"138":0,"139":0,"140":0,"141":0,"142":0,"143":0,"144":0,"145":0,"146":0,"147":0,"148":0,"149":0,"150":0,"151":0,"152":0,"153":0,"154":0,"155":0,"156":0,"157":0,"158":0,"159":0,"160":0,"161":0,"162":0,"163":0,"164":0,"165":0,"166":1,"167":1},"f":{"0":0,"1":0,"2":0,"3":0,"4":0,"5":0,"6":0,"7":0,"8":0,"9":0,"10":0,"11":0,"12":0,"13":0,"14":0,"15":0,"16":0,"17":0,"18":0,"19":0,"20":0,"21":0,"22":0,"23":0,"24":0,"25":0,"26":0,"27":0,"28":0,"29":0,"30":0,"31":0},"b":{"0":[0,0],"1":[0,0,0],"2":[0,0],"3":[0,0],"4":[0,0],"5":[0,0],"6":[0,0],"7":[0,0],"8":[0,0],"9":[0,0],"10":[0,0],"11":[0,0],"12":[0,0],"13":[0,0],"14":[0,0],"15":[0,0],"16":[0,0,0],"17":[0,0],"18":[0,0],"19":[0,0],"20":[0,0],"21":[0,0],"22":[0,0],"23":[0,0],"24":[0,0],"25":[0,0],"26":[0,0],"27":[0,0],"28":[0,0],"29":[0,0],"30":[0,0],"31":[0,0],"32":[0,0],"33":[0,0]},"_coverageSchema":"d34fc3e6b8297bcde183f5492bcb8fcb36775295","hash":"a25b2fd37c306aa4e7c4fa719ad1a9c35884803b","contentHash":"6b5c3c102cb1a44fcfee1ac972e933a6_12.0.2"},"/home/matthew/go/src/github.com/hyperledger/fabric-chaincode-node/src/contract-spi/chaincodefromsmartcontract.js":{"path":"/home/matthew/go/src/github.com/hyperledger/fabric-chaincode-node/src/contract-spi/chaincodefromsmartcontract.js","statementMap":{"0":{"start":{"line":8,"column":13},"end":{"line":8,"column":41}},"1":{"start":{"line":9,"column":22},"end":{"line":9,"column":62}},"2":{"start":{"line":11,"column":15},"end":{"line":11,"column":40}},"3":{"start":{"line":12,"column":15},"end":{"line":12,"column":78}},"4":{"start":{"line":34,"column":8},"end":{"line":34,"column":28}},"5":{"start":{"line":36,"column":8},"end":{"line":38,"column":9}},"6":{"start":{"line":37,"column":12},"end":{"line":37,"column":75}},"7":{"start":{"line":40,"column":8},"end":{"line":63,"column":9}},"8":{"start":{"line":42,"column":34},"end":{"line":42,"column":57}},"9":{"start":{"line":43,"column":12},"end":{"line":45,"column":13}},"10":{"start":{"line":44,"column":16},"end":{"line":44,"column":84}},"11":{"start":{"line":47,"column":30},"end":{"line":47,"column":94}},"12":{"start":{"line":49,"column":34},"end":{"line":49,"column":36}},"13":{"start":{"line":50,"column":12},"end":{"line":59,"column":13}},"14":{"start":{"line":51,"column":34},"end":{"line":51,"column":57}},"15":{"start":{"line":52,"column":16},"end":{"line":56,"column":17}},"16":{"start":{"line":53,"column":20},"end":{"line":53,"column":29}},"17":{"start":{"line":54,"column":23},"end":{"line":56,"column":17}},"18":{"start":{"line":55,"column":20},"end":{"line":55,"column":29}},"19":{"start":{"line":58,"column":16},"end":{"line":58,"column":45}},"20":{"start":{"line":60,"column":28},"end":{"line":60,"column":57}},"21":{"start":{"line":61,"column":12},"end":{"line":61,"column":69}},"22":{"start":{"line":62,"column":12},"end":{"line":62,"column":98}},"23":{"start":{"line":74,"column":8},"end":{"line":74,"column":33}},"24":{"start":{"line":83,"column":8},"end":{"line":109,"column":9}},"25":{"start":{"line":84,"column":36},"end":{"line":84,"column":67}},"26":{"start":{"line":87,"column":12},"end":{"line":90,"column":13}},"27":{"start":{"line":88,"column":31},"end":{"line":88,"column":61}},"28":{"start":{"line":89,"column":16},"end":{"line":89,"column":44}},"29":{"start":{"line":92,"column":21},"end":{"line":92,"column":38}},"30":{"start":{"line":93,"column":21},"end":{"line":93,"column":38}},"31":{"start":{"line":95,"column":12},"end":{"line":97,"column":13}},"32":{"start":{"line":96,"column":16},"end":{"line":96,"column":72}},"33":{"start":{"line":99,"column":35},"end":{"line":99,"column":86}},"34":{"start":{"line":100,"column":12},"end":{"line":106,"column":13}},"35":{"start":{"line":102,"column":31},"end":{"line":102,"column":90}},"36":{"start":{"line":103,"column":16},"end":{"line":103,"column":44}},"37":{"start":{"line":105,"column":16},"end":{"line":105,"column":68}},"38":{"start":{"line":108,"column":12},"end":{"line":108,"column":37}},"39":{"start":{"line":117,"column":8},"end":{"line":117,"column":59}},"40":{"start":{"line":122,"column":0},"end":{"line":122,"column":44}}},"fnMap":{"0":{"name":"(anonymous_0)","decl":{"start":{"line":30,"column":4},"end":{"line":30,"column":5}},"loc":{"start":{"line":30,"column":33},"end":{"line":65,"column":5}},"line":30},"1":{"name":"(anonymous_1)","decl":{"start":{"line":73,"column":4},"end":{"line":73,"column":5}},"loc":{"start":{"line":73,"column":21},"end":{"line":75,"column":5}},"line":73},"2":{"name":"(anonymous_2)","decl":{"start":{"line":82,"column":4},"end":{"line":82,"column":5}},"loc":{"start":{"line":82,"column":23},"end":{"line":110,"column":5}},"line":82},"3":{"name":"(anonymous_3)","decl":{"start":{"line":116,"column":4},"end":{"line":116,"column":5}},"loc":{"start":{"line":116,"column":30},"end":{"line":118,"column":5}},"line":116}},"branchMap":{"0":{"loc":{"start":{"line":36,"column":8},"end":{"line":38,"column":9}},"type":"if","locations":[{"start":{"line":36,"column":8},"end":{"line":38,"column":9}},{"start":{"line":36,"column":8},"end":{"line":38,"column":9}}],"line":36},"1":{"loc":{"start":{"line":43,"column":12},"end":{"line":45,"column":13}},"type":"if","locations":[{"start":{"line":43,"column":12},"end":{"line":45,"column":13}},{"start":{"line":43,"column":12},"end":{"line":45,"column":13}}],"line":43},"2":{"loc":{"start":{"line":52,"column":16},"end":{"line":56,"column":17}},"type":"if","locations":[{"start":{"line":52,"column":16},"end":{"line":56,"column":17}},{"start":{"line":52,"column":16},"end":{"line":56,"column":17}}],"line":52},"3":{"loc":{"start":{"line":54,"column":23},"end":{"line":56,"column":17}},"type":"if","locations":[{"start":{"line":54,"column":23},"end":{"line":56,"column":17}},{"start":{"line":54,"column":23},"end":{"line":56,"column":17}}],"line":54},"4":{"loc":{"start":{"line":87,"column":12},"end":{"line":90,"column":13}},"type":"if","locations":[{"start":{"line":87,"column":12},"end":{"line":90,"column":13}},{"start":{"line":87,"column":12},"end":{"line":90,"column":13}}],"line":87},"5":{"loc":{"start":{"line":95,"column":12},"end":{"line":97,"column":13}},"type":"if","locations":[{"start":{"line":95,"column":12},"end":{"line":97,"column":13}},{"start":{"line":95,"column":12},"end":{"line":97,"column":13}}],"line":95},"6":{"loc":{"start":{"line":100,"column":12},"end":{"line":106,"column":13}},"type":"if","locations":[{"start":{"line":100,"column":12},"end":{"line":106,"column":13}},{"start":{"line":100,"column":12},"end":{"line":106,"column":13}}],"line":100}},"s":{"0":1,"1":1,"2":1,"3":1,"4":12,"5":12,"6":1,"7":11,"8":17,"9":16,"10":1,"11":15,"12":15,"13":15,"14":30,"15":30,"16":0,"17":30,"18":15,"19":15,"20":15,"21":15,"22":15,"23":1,"24":4,"25":4,"26":4,"27":1,"28":1,"29":3,"30":3,"31":3,"32":1,"33":2,"34":2,"35":1,"36":1,"37":1,"38":2,"39":1,"40":1},"f":{"0":12,"1":1,"2":4,"3":1},"b":{"0":[1,11],"1":[1,15],"2":[0,30],"3":[15,15],"4":[1,3],"5":[1,2],"6":[1,1]},"_coverageSchema":"d34fc3e6b8297bcde183f5492bcb8fcb36775295","hash":"ee480047ea3d10e3678d112760c1689bbdad96b6","contentHash":"b5946cc874d22e688d854f6aee857f71_12.0.2"}}